[0.007s] Invoking command in '/home/amir/Documents/R/robotics_ws/src/robotic_course/robot_description/src/robot_autonomy/robot_local_localization/build/robot_local_localization': CMAKE_PREFIX_PATH=${CMAKE_PREFIX_PATH}:/opt/ros/humble /usr/bin/cmake /home/amir/Documents/R/robotics_ws/src/robotic_course/robot_description/src/robot_autonomy/robot_local_localization -DAMENT_CMAKE_SYMLINK_INSTALL=1 -DCMAKE_INSTALL_PREFIX=/home/amir/Documents/R/robotics_ws/src/robotic_course/robot_description/src/robot_autonomy/robot_local_localization/install/robot_local_localization
[0.016s] -- Found ament_cmake: 1.3.12 (/opt/ros/humble/share/ament_cmake/cmake)
[0.096s] -- Override CMake install command with custom implementation using symlinks instead of copying resources
[0.100s] -- Found rclcpp: 16.0.15 (/opt/ros/humble/share/rclcpp/cmake)
[0.119s] -- Found rosidl_generator_c: 3.1.7 (/opt/ros/humble/share/rosidl_generator_c/cmake)
[0.121s] -- Found rosidl_adapter: 3.1.7 (/opt/ros/humble/share/rosidl_adapter/cmake)
[0.124s] -- Found rosidl_generator_cpp: 3.1.7 (/opt/ros/humble/share/rosidl_generator_cpp/cmake)
[0.131s] -- Using all available rosidl_typesupport_c: rosidl_typesupport_fastrtps_c;rosidl_typesupport_introspection_c
[0.139s] -- Using all available rosidl_typesupport_cpp: rosidl_typesupport_fastrtps_cpp;rosidl_typesupport_introspection_cpp
[0.160s] -- Found rmw_implementation_cmake: 6.1.2 (/opt/ros/humble/share/rmw_implementation_cmake/cmake)
[0.160s] -- Found rmw_fastrtps_cpp: 6.2.8 (/opt/ros/humble/share/rmw_fastrtps_cpp/cmake)
[0.229s] -- Using RMW implementation 'rmw_fastrtps_cpp' as default
[0.260s] -- Found sensor_msgs: 4.9.0 (/opt/ros/humble/share/sensor_msgs/cmake)
[0.278s] -- Found nav_msgs: 4.9.0 (/opt/ros/humble/share/nav_msgs/cmake)
[0.289s] -- Found robot_state_publisher: 3.0.3 (/opt/ros/humble/share/robot_state_publisher/cmake)
[0.291s] -- Found eigen3_cmake_module: 0.1.1 (/opt/ros/humble/share/eigen3_cmake_module/cmake)
[0.292s] -- Ensuring Eigen3 include directory is part of orocos-kdl CMake target
[0.360s] -- Found ament_lint_auto: 0.12.14 (/opt/ros/humble/share/ament_lint_auto/cmake)
[0.412s] -- Added test 'cppcheck' to perform static code analysis on C / C++ code
[0.412s] -- Configured cppcheck include dirs: 
[0.412s] -- Configured cppcheck exclude dirs and/or files: 
[0.413s] -- Added test 'flake8' to check Python code syntax and style conventions
[0.415s] -- Added test 'lint_cmake' to check CMake code style
[0.415s] -- Added test 'pep257' to check Python code against some of the docstring style conventions in PEP 257
[0.420s] -- Added test 'uncrustify' to check C / C++ code style
[0.420s] -- Configured uncrustify additional arguments: 
[0.421s] -- Added test 'xmllint' to check XML markup files
[0.421s] -- Configuring done
[0.425s] -- Generating done
[0.427s] -- Build files have been written to: /home/amir/Documents/R/robotics_ws/src/robotic_course/robot_description/src/robot_autonomy/robot_local_localization/build/robot_local_localization
[0.434s] Invoked command in '/home/amir/Documents/R/robotics_ws/src/robotic_course/robot_description/src/robot_autonomy/robot_local_localization/build/robot_local_localization' returned '0': CMAKE_PREFIX_PATH=${CMAKE_PREFIX_PATH}:/opt/ros/humble /usr/bin/cmake /home/amir/Documents/R/robotics_ws/src/robotic_course/robot_description/src/robot_autonomy/robot_local_localization -DAMENT_CMAKE_SYMLINK_INSTALL=1 -DCMAKE_INSTALL_PREFIX=/home/amir/Documents/R/robotics_ws/src/robotic_course/robot_description/src/robot_autonomy/robot_local_localization/install/robot_local_localization
[0.435s] Invoking command in '/home/amir/Documents/R/robotics_ws/src/robotic_course/robot_description/src/robot_autonomy/robot_local_localization/build/robot_local_localization': CMAKE_PREFIX_PATH=${CMAKE_PREFIX_PATH}:/opt/ros/humble /usr/bin/cmake --build /home/amir/Documents/R/robotics_ws/src/robotic_course/robot_description/src/robot_autonomy/robot_local_localization/build/robot_local_localization -- -j8 -l8
[0.464s] Invoked command in '/home/amir/Documents/R/robotics_ws/src/robotic_course/robot_description/src/robot_autonomy/robot_local_localization/build/robot_local_localization' returned '0': CMAKE_PREFIX_PATH=${CMAKE_PREFIX_PATH}:/opt/ros/humble /usr/bin/cmake --build /home/amir/Documents/R/robotics_ws/src/robotic_course/robot_description/src/robot_autonomy/robot_local_localization/build/robot_local_localization -- -j8 -l8
[0.470s] Invoking command in '/home/amir/Documents/R/robotics_ws/src/robotic_course/robot_description/src/robot_autonomy/robot_local_localization/build/robot_local_localization': CMAKE_PREFIX_PATH=${CMAKE_PREFIX_PATH}:/opt/ros/humble /usr/bin/cmake --install /home/amir/Documents/R/robotics_ws/src/robotic_course/robot_description/src/robot_autonomy/robot_local_localization/build/robot_local_localization
[0.475s] -- Install configuration: ""
[0.476s] -- Execute custom install script
[0.476s] -- Symlinking: /home/amir/Documents/R/robotics_ws/src/robotic_course/robot_description/src/robot_autonomy/robot_local_localization/install/robot_local_localization/share/ament_index/resource_index/package_run_dependencies/robot_local_localization
[0.482s] -- Symlinking: /home/amir/Documents/R/robotics_ws/src/robotic_course/robot_description/src/robot_autonomy/robot_local_localization/install/robot_local_localization/share/ament_index/resource_index/parent_prefix_path/robot_local_localization
[0.488s] -- Symlinking: /home/amir/Documents/R/robotics_ws/src/robotic_course/robot_description/src/robot_autonomy/robot_local_localization/install/robot_local_localization/share/robot_local_localization/environment/ament_prefix_path.sh
[0.494s] -- Symlinking: /home/amir/Documents/R/robotics_ws/src/robotic_course/robot_description/src/robot_autonomy/robot_local_localization/install/robot_local_localization/share/robot_local_localization/environment/ament_prefix_path.dsv
[0.500s] -- Symlinking: /home/amir/Documents/R/robotics_ws/src/robotic_course/robot_description/src/robot_autonomy/robot_local_localization/install/robot_local_localization/share/robot_local_localization/environment/path.sh
[0.505s] -- Symlinking: /home/amir/Documents/R/robotics_ws/src/robotic_course/robot_description/src/robot_autonomy/robot_local_localization/install/robot_local_localization/share/robot_local_localization/environment/path.dsv
[0.511s] -- Symlinking: /home/amir/Documents/R/robotics_ws/src/robotic_course/robot_description/src/robot_autonomy/robot_local_localization/install/robot_local_localization/share/robot_local_localization/local_setup.bash
[0.517s] -- Symlinking: /home/amir/Documents/R/robotics_ws/src/robotic_course/robot_description/src/robot_autonomy/robot_local_localization/install/robot_local_localization/share/robot_local_localization/local_setup.sh
[0.523s] -- Symlinking: /home/amir/Documents/R/robotics_ws/src/robotic_course/robot_description/src/robot_autonomy/robot_local_localization/install/robot_local_localization/share/robot_local_localization/local_setup.zsh
[0.529s] -- Symlinking: /home/amir/Documents/R/robotics_ws/src/robotic_course/robot_description/src/robot_autonomy/robot_local_localization/install/robot_local_localization/share/robot_local_localization/local_setup.dsv
[0.535s] -- Symlinking: /home/amir/Documents/R/robotics_ws/src/robotic_course/robot_description/src/robot_autonomy/robot_local_localization/install/robot_local_localization/share/robot_local_localization/package.dsv
[0.541s] -- Symlinking: /home/amir/Documents/R/robotics_ws/src/robotic_course/robot_description/src/robot_autonomy/robot_local_localization/install/robot_local_localization/share/ament_index/resource_index/packages/robot_local_localization
[0.547s] -- Symlinking: /home/amir/Documents/R/robotics_ws/src/robotic_course/robot_description/src/robot_autonomy/robot_local_localization/install/robot_local_localization/share/robot_local_localization/cmake/robot_local_localizationConfig.cmake
[0.553s] -- Symlinking: /home/amir/Documents/R/robotics_ws/src/robotic_course/robot_description/src/robot_autonomy/robot_local_localization/install/robot_local_localization/share/robot_local_localization/cmake/robot_local_localizationConfig-version.cmake
[0.558s] -- Symlinking: /home/amir/Documents/R/robotics_ws/src/robotic_course/robot_description/src/robot_autonomy/robot_local_localization/install/robot_local_localization/share/robot_local_localization/package.xml
[0.566s] Invoked command in '/home/amir/Documents/R/robotics_ws/src/robotic_course/robot_description/src/robot_autonomy/robot_local_localization/build/robot_local_localization' returned '0': CMAKE_PREFIX_PATH=${CMAKE_PREFIX_PATH}:/opt/ros/humble /usr/bin/cmake --install /home/amir/Documents/R/robotics_ws/src/robotic_course/robot_description/src/robot_autonomy/robot_local_localization/build/robot_local_localization
