[0.023s] Invoking command in '/home/amir/Documents/R/robotics_ws/src/build/robot_local_localization': CMAKE_PREFIX_PATH=${CMAKE_PREFIX_PATH}:/opt/ros/humble /usr/bin/cmake /home/amir/Documents/R/robotics_ws/src/robot_autonomy/robot_local_localization -DAMENT_CMAKE_SYMLINK_INSTALL=1 -DCMAKE_INSTALL_PREFIX=/home/amir/Documents/R/robotics_ws/src/install/robot_local_localization
[0.051s] -- Found ament_cmake: 1.3.12 (/opt/ros/humble/share/ament_cmake/cmake)
[0.376s] -- Override CMake install command with custom implementation using symlinks instead of copying resources
[0.452s] [31mCMake Error at CMakeLists.txt:11 (find_package):
[0.453s]   By not providing "Findament_python.cmake" in CMAKE_MODULE_PATH this project
[0.453s]   has asked CMake to find a package configuration file provided by
[0.453s]   "ament_python", but CMake did not find one.
[0.454s] 
[0.454s]   Could not find a package configuration file provided by "ament_python" with
[0.454s]   any of the following names:
[0.454s] 
[0.454s]     ament_pythonConfig.cmake
[0.455s]     ament_python-config.cmake
[0.455s] 
[0.456s]   Add the installation prefix of "ament_python" to CMAKE_PREFIX_PATH or set
[0.456s]   "ament_python_DIR" to a directory containing one of the above files.  If
[0.457s]   "ament_python" provides a separate development package or SDK, be sure it
[0.457s]   has been installed.
[0.458s] 
[0.458s] [0m
[0.459s] -- Configuring incomplete, errors occurred!
[0.460s] See also "/home/amir/Documents/R/robotics_ws/src/build/robot_local_localization/CMakeFiles/CMakeOutput.log".
[0.461s] Invoked command in '/home/amir/Documents/R/robotics_ws/src/build/robot_local_localization' returned '1': CMAKE_PREFIX_PATH=${CMAKE_PREFIX_PATH}:/opt/ros/humble /usr/bin/cmake /home/amir/Documents/R/robotics_ws/src/robot_autonomy/robot_local_localization -DAMENT_CMAKE_SYMLINK_INSTALL=1 -DCMAKE_INSTALL_PREFIX=/home/amir/Documents/R/robotics_ws/src/install/robot_local_localization
