[0.145s] DEBUG:colcon:Command line arguments: ['/usr/bin/colcon', 'build', '--symlink-install']
[0.145s] DEBUG:colcon:Parsed command line arguments: Namespace(log_base=None, log_level=None, verb_name='build', build_base='build', install_base='install', merge_install=False, symlink_install=True, test_result_base=None, continue_on_error=False, executor='parallel', parallel_workers=8, event_handlers=None, ignore_user_meta=False, metas=['./colcon.meta'], base_paths=['.'], packages_ignore=None, packages_ignore_regex=None, paths=None, packages_up_to=None, packages_up_to_regex=None, packages_above=None, packages_above_and_dependencies=None, packages_above_depth=None, packages_select_by_dep=None, packages_skip_by_dep=None, packages_skip_up_to=None, packages_select_build_failed=False, packages_skip_build_finished=False, packages_select_test_failures=False, packages_skip_test_passed=False, packages_select=None, packages_skip=None, packages_select_regex=None, packages_skip_regex=None, packages_start=None, packages_end=None, allow_overriding=[], cmake_args=None, cmake_target=None, cmake_target_skip_unavailable=False, cmake_clean_cache=False, cmake_clean_first=False, cmake_force_configure=False, ament_cmake_args=None, catkin_cmake_args=None, catkin_skip_building_tests=False, mixin_files=None, mixin=None, verb_parser=<colcon_mixin.mixin.mixin_argument.MixinArgumentDecorator object at 0x7ea0b3339c60>, verb_extension=<colcon_core.verb.build.BuildVerb object at 0x7ea0b33395d0>, main=<bound method BuildVerb.main of <colcon_core.verb.build.BuildVerb object at 0x7ea0b33395d0>>, mixin_verb=('build',))
[0.374s] Level 1:colcon.colcon_core.package_discovery:discover_packages(colcon_meta) check parameters
[0.374s] Level 1:colcon.colcon_core.package_discovery:discover_packages(recursive) check parameters
[0.375s] Level 1:colcon.colcon_core.package_discovery:discover_packages(ignore) check parameters
[0.375s] Level 1:colcon.colcon_core.package_discovery:discover_packages(path) check parameters
[0.375s] Level 1:colcon.colcon_core.package_discovery:discover_packages(colcon_meta) discover
[0.375s] Level 1:colcon.colcon_core.package_discovery:discover_packages(recursive) discover
[0.375s] INFO:colcon.colcon_core.package_discovery:Crawling recursively for packages in '/home/amir/Documents/R/robotics_ws/src'
[0.375s] Level 1:colcon.colcon_core.package_identification:_identify(.) by extensions ['ignore', 'ignore_ament_install']
[0.375s] Level 1:colcon.colcon_core.package_identification:_identify(.) by extension 'ignore'
[0.375s] Level 1:colcon.colcon_core.package_identification:_identify(.) by extension 'ignore_ament_install'
[0.375s] Level 1:colcon.colcon_core.package_identification:_identify(.) by extensions ['colcon_pkg']
[0.375s] Level 1:colcon.colcon_core.package_identification:_identify(.) by extension 'colcon_pkg'
[0.375s] Level 1:colcon.colcon_core.package_identification:_identify(.) by extensions ['colcon_meta']
[0.376s] Level 1:colcon.colcon_core.package_identification:_identify(.) by extension 'colcon_meta'
[0.376s] Level 1:colcon.colcon_core.package_identification:_identify(.) by extensions ['ros']
[0.376s] Level 1:colcon.colcon_core.package_identification:_identify(.) by extension 'ros'
[0.391s] Level 1:colcon.colcon_core.package_identification:_identify(.) by extensions ['cmake', 'python']
[0.391s] Level 1:colcon.colcon_core.package_identification:_identify(.) by extension 'cmake'
[0.391s] Level 1:colcon.colcon_core.package_identification:_identify(.) by extension 'python'
[0.391s] Level 1:colcon.colcon_core.package_identification:_identify(.) by extensions ['python_setup_py']
[0.391s] Level 1:colcon.colcon_core.package_identification:_identify(.) by extension 'python_setup_py'
[0.391s] Level 1:colcon.colcon_core.package_identification:_identify(build) by extensions ['ignore', 'ignore_ament_install']
[0.391s] Level 1:colcon.colcon_core.package_identification:_identify(build) by extension 'ignore'
[0.391s] Level 1:colcon.colcon_core.package_identification:_identify(build) ignored
[0.391s] Level 1:colcon.colcon_core.package_identification:_identify(install) by extensions ['ignore', 'ignore_ament_install']
[0.391s] Level 1:colcon.colcon_core.package_identification:_identify(install) by extension 'ignore'
[0.392s] Level 1:colcon.colcon_core.package_identification:_identify(install) ignored
[0.392s] Level 1:colcon.colcon_core.package_identification:_identify(log) by extensions ['ignore', 'ignore_ament_install']
[0.392s] Level 1:colcon.colcon_core.package_identification:_identify(log) by extension 'ignore'
[0.392s] Level 1:colcon.colcon_core.package_identification:_identify(log) ignored
[0.392s] Level 1:colcon.colcon_core.package_identification:_identify(robot_autonomy) by extensions ['ignore', 'ignore_ament_install']
[0.392s] Level 1:colcon.colcon_core.package_identification:_identify(robot_autonomy) by extension 'ignore'
[0.392s] Level 1:colcon.colcon_core.package_identification:_identify(robot_autonomy) by extension 'ignore_ament_install'
[0.392s] Level 1:colcon.colcon_core.package_identification:_identify(robot_autonomy) by extensions ['colcon_pkg']
[0.392s] Level 1:colcon.colcon_core.package_identification:_identify(robot_autonomy) by extension 'colcon_pkg'
[0.392s] Level 1:colcon.colcon_core.package_identification:_identify(robot_autonomy) by extensions ['colcon_meta']
[0.392s] Level 1:colcon.colcon_core.package_identification:_identify(robot_autonomy) by extension 'colcon_meta'
[0.392s] Level 1:colcon.colcon_core.package_identification:_identify(robot_autonomy) by extensions ['ros']
[0.392s] Level 1:colcon.colcon_core.package_identification:_identify(robot_autonomy) by extension 'ros'
[0.392s] Level 1:colcon.colcon_core.package_identification:_identify(robot_autonomy) by extensions ['cmake', 'python']
[0.392s] Level 1:colcon.colcon_core.package_identification:_identify(robot_autonomy) by extension 'cmake'
[0.392s] Level 1:colcon.colcon_core.package_identification:_identify(robot_autonomy) by extension 'python'
[0.392s] Level 1:colcon.colcon_core.package_identification:_identify(robot_autonomy) by extensions ['python_setup_py']
[0.393s] Level 1:colcon.colcon_core.package_identification:_identify(robot_autonomy) by extension 'python_setup_py'
[0.393s] Level 1:colcon.colcon_core.package_identification:_identify(robot_autonomy/robot_local_localization) by extensions ['ignore', 'ignore_ament_install']
[0.393s] Level 1:colcon.colcon_core.package_identification:_identify(robot_autonomy/robot_local_localization) by extension 'ignore'
[0.393s] Level 1:colcon.colcon_core.package_identification:_identify(robot_autonomy/robot_local_localization) by extension 'ignore_ament_install'
[0.393s] Level 1:colcon.colcon_core.package_identification:_identify(robot_autonomy/robot_local_localization) by extensions ['colcon_pkg']
[0.393s] Level 1:colcon.colcon_core.package_identification:_identify(robot_autonomy/robot_local_localization) by extension 'colcon_pkg'
[0.393s] Level 1:colcon.colcon_core.package_identification:_identify(robot_autonomy/robot_local_localization) by extensions ['colcon_meta']
[0.393s] Level 1:colcon.colcon_core.package_identification:_identify(robot_autonomy/robot_local_localization) by extension 'colcon_meta'
[0.393s] Level 1:colcon.colcon_core.package_identification:_identify(robot_autonomy/robot_local_localization) by extensions ['ros']
[0.393s] Level 1:colcon.colcon_core.package_identification:_identify(robot_autonomy/robot_local_localization) by extension 'ros'
[0.403s] DEBUG:colcon.colcon_core.package_identification:Package 'robot_autonomy/robot_local_localization' with type 'ros.ament_cmake' and name 'robot_local_localization'
[0.403s] Level 1:colcon.colcon_core.package_identification:_identify(robotic_course) by extensions ['ignore', 'ignore_ament_install']
[0.403s] Level 1:colcon.colcon_core.package_identification:_identify(robotic_course) by extension 'ignore'
[0.403s] Level 1:colcon.colcon_core.package_identification:_identify(robotic_course) by extension 'ignore_ament_install'
[0.403s] Level 1:colcon.colcon_core.package_identification:_identify(robotic_course) by extensions ['colcon_pkg']
[0.404s] Level 1:colcon.colcon_core.package_identification:_identify(robotic_course) by extension 'colcon_pkg'
[0.404s] Level 1:colcon.colcon_core.package_identification:_identify(robotic_course) by extensions ['colcon_meta']
[0.404s] Level 1:colcon.colcon_core.package_identification:_identify(robotic_course) by extension 'colcon_meta'
[0.404s] Level 1:colcon.colcon_core.package_identification:_identify(robotic_course) by extensions ['ros']
[0.404s] Level 1:colcon.colcon_core.package_identification:_identify(robotic_course) by extension 'ros'
[0.404s] Level 1:colcon.colcon_core.package_identification:_identify(robotic_course) by extensions ['cmake', 'python']
[0.404s] Level 1:colcon.colcon_core.package_identification:_identify(robotic_course) by extension 'cmake'
[0.404s] Level 1:colcon.colcon_core.package_identification:_identify(robotic_course) by extension 'python'
[0.404s] Level 1:colcon.colcon_core.package_identification:_identify(robotic_course) by extensions ['python_setup_py']
[0.404s] Level 1:colcon.colcon_core.package_identification:_identify(robotic_course) by extension 'python_setup_py'
[0.404s] Level 1:colcon.colcon_core.package_identification:_identify(robotic_course/build) by extensions ['ignore', 'ignore_ament_install']
[0.404s] Level 1:colcon.colcon_core.package_identification:_identify(robotic_course/build) by extension 'ignore'
[0.404s] Level 1:colcon.colcon_core.package_identification:_identify(robotic_course/build) ignored
[0.404s] Level 1:colcon.colcon_core.package_identification:_identify(robotic_course/install) by extensions ['ignore', 'ignore_ament_install']
[0.404s] Level 1:colcon.colcon_core.package_identification:_identify(robotic_course/install) by extension 'ignore'
[0.404s] Level 1:colcon.colcon_core.package_identification:_identify(robotic_course/install) ignored
[0.405s] Level 1:colcon.colcon_core.package_identification:_identify(robotic_course/log) by extensions ['ignore', 'ignore_ament_install']
[0.405s] Level 1:colcon.colcon_core.package_identification:_identify(robotic_course/log) by extension 'ignore'
[0.405s] Level 1:colcon.colcon_core.package_identification:_identify(robotic_course/log) ignored
[0.405s] Level 1:colcon.colcon_core.package_identification:_identify(robotic_course/robot_description) by extensions ['ignore', 'ignore_ament_install']
[0.405s] Level 1:colcon.colcon_core.package_identification:_identify(robotic_course/robot_description) by extension 'ignore'
[0.405s] Level 1:colcon.colcon_core.package_identification:_identify(robotic_course/robot_description) by extension 'ignore_ament_install'
[0.405s] Level 1:colcon.colcon_core.package_identification:_identify(robotic_course/robot_description) by extensions ['colcon_pkg']
[0.405s] Level 1:colcon.colcon_core.package_identification:_identify(robotic_course/robot_description) by extension 'colcon_pkg'
[0.405s] Level 1:colcon.colcon_core.package_identification:_identify(robotic_course/robot_description) by extensions ['colcon_meta']
[0.405s] Level 1:colcon.colcon_core.package_identification:_identify(robotic_course/robot_description) by extension 'colcon_meta'
[0.405s] Level 1:colcon.colcon_core.package_identification:_identify(robotic_course/robot_description) by extensions ['ros']
[0.405s] Level 1:colcon.colcon_core.package_identification:_identify(robotic_course/robot_description) by extension 'ros'
[0.406s] DEBUG:colcon.colcon_core.package_identification:Package 'robotic_course/robot_description' with type 'ros.ament_cmake' and name 'robot_description'
[0.406s] Level 1:colcon.colcon_core.package_discovery:discover_packages(recursive) using defaults
[0.407s] Level 1:colcon.colcon_core.package_discovery:discover_packages(ignore) discover
[0.407s] Level 1:colcon.colcon_core.package_discovery:discover_packages(ignore) using defaults
[0.407s] Level 1:colcon.colcon_core.package_discovery:discover_packages(path) discover
[0.407s] Level 1:colcon.colcon_core.package_discovery:discover_packages(path) using defaults
[0.450s] Level 1:colcon.colcon_core.package_discovery:discover_packages(prefix_path) check parameters
[0.450s] Level 1:colcon.colcon_core.package_discovery:discover_packages(prefix_path) discover
[0.452s] DEBUG:colcon.colcon_installed_package_information.package_discovery:Found 1 installed packages in /home/amir/Documents/R/robotics_ws/src/robotic_course/install
[0.454s] DEBUG:colcon.colcon_installed_package_information.package_discovery:Found 364 installed packages in /opt/ros/humble
[0.457s] Level 1:colcon.colcon_core.package_discovery:discover_packages(prefix_path) using defaults
[0.516s] Level 5:colcon.colcon_core.verb:set package 'robot_description' build argument 'cmake_args' from command line to 'None'
[0.517s] Level 5:colcon.colcon_core.verb:set package 'robot_description' build argument 'cmake_target' from command line to 'None'
[0.517s] Level 5:colcon.colcon_core.verb:set package 'robot_description' build argument 'cmake_target_skip_unavailable' from command line to 'False'
[0.517s] Level 5:colcon.colcon_core.verb:set package 'robot_description' build argument 'cmake_clean_cache' from command line to 'False'
[0.517s] Level 5:colcon.colcon_core.verb:set package 'robot_description' build argument 'cmake_clean_first' from command line to 'False'
[0.517s] Level 5:colcon.colcon_core.verb:set package 'robot_description' build argument 'cmake_force_configure' from command line to 'False'
[0.517s] Level 5:colcon.colcon_core.verb:set package 'robot_description' build argument 'ament_cmake_args' from command line to 'None'
[0.517s] Level 5:colcon.colcon_core.verb:set package 'robot_description' build argument 'catkin_cmake_args' from command line to 'None'
[0.517s] Level 5:colcon.colcon_core.verb:set package 'robot_description' build argument 'catkin_skip_building_tests' from command line to 'False'
[0.517s] DEBUG:colcon.colcon_core.verb:Building package 'robot_description' with the following arguments: {'ament_cmake_args': None, 'build_base': '/home/amir/Documents/R/robotics_ws/src/build/robot_description', 'catkin_cmake_args': None, 'catkin_skip_building_tests': False, 'cmake_args': None, 'cmake_clean_cache': False, 'cmake_clean_first': False, 'cmake_force_configure': False, 'cmake_target': None, 'cmake_target_skip_unavailable': False, 'install_base': '/home/amir/Documents/R/robotics_ws/src/install/robot_description', 'merge_install': False, 'path': '/home/amir/Documents/R/robotics_ws/src/robotic_course/robot_description', 'symlink_install': True, 'test_result_base': None}
[0.518s] Level 5:colcon.colcon_core.verb:set package 'robot_local_localization' build argument 'cmake_args' from command line to 'None'
[0.518s] Level 5:colcon.colcon_core.verb:set package 'robot_local_localization' build argument 'cmake_target' from command line to 'None'
[0.518s] Level 5:colcon.colcon_core.verb:set package 'robot_local_localization' build argument 'cmake_target_skip_unavailable' from command line to 'False'
[0.518s] Level 5:colcon.colcon_core.verb:set package 'robot_local_localization' build argument 'cmake_clean_cache' from command line to 'False'
[0.518s] Level 5:colcon.colcon_core.verb:set package 'robot_local_localization' build argument 'cmake_clean_first' from command line to 'False'
[0.518s] Level 5:colcon.colcon_core.verb:set package 'robot_local_localization' build argument 'cmake_force_configure' from command line to 'False'
[0.518s] Level 5:colcon.colcon_core.verb:set package 'robot_local_localization' build argument 'ament_cmake_args' from command line to 'None'
[0.518s] Level 5:colcon.colcon_core.verb:set package 'robot_local_localization' build argument 'catkin_cmake_args' from command line to 'None'
[0.518s] Level 5:colcon.colcon_core.verb:set package 'robot_local_localization' build argument 'catkin_skip_building_tests' from command line to 'False'
[0.518s] DEBUG:colcon.colcon_core.verb:Building package 'robot_local_localization' with the following arguments: {'ament_cmake_args': None, 'build_base': '/home/amir/Documents/R/robotics_ws/src/build/robot_local_localization', 'catkin_cmake_args': None, 'catkin_skip_building_tests': False, 'cmake_args': None, 'cmake_clean_cache': False, 'cmake_clean_first': False, 'cmake_force_configure': False, 'cmake_target': None, 'cmake_target_skip_unavailable': False, 'install_base': '/home/amir/Documents/R/robotics_ws/src/install/robot_local_localization', 'merge_install': False, 'path': '/home/amir/Documents/R/robotics_ws/src/robot_autonomy/robot_local_localization', 'symlink_install': True, 'test_result_base': None}
[0.518s] INFO:colcon.colcon_core.executor:Executing jobs using 'parallel' executor
[0.520s] DEBUG:colcon.colcon_parallel_executor.executor.parallel:run_until_complete
[0.521s] INFO:colcon.colcon_ros.task.ament_cmake.build:Building ROS package in '/home/amir/Documents/R/robotics_ws/src/robotic_course/robot_description' with build type 'ament_cmake'
[0.521s] INFO:colcon.colcon_cmake.task.cmake.build:Building CMake package in '/home/amir/Documents/R/robotics_ws/src/robotic_course/robot_description'
[0.525s] INFO:colcon.colcon_core.plugin_system:Skipping extension 'colcon_core.shell.bat': Not used on non-Windows systems
[0.525s] INFO:colcon.colcon_core.shell:Skip shell extension 'powershell' for command environment: Not usable outside of PowerShell
[0.526s] DEBUG:colcon.colcon_core.shell:Skip shell extension 'dsv' for command environment
[0.532s] INFO:colcon.colcon_ros.task.ament_cmake.build:Building ROS package in '/home/amir/Documents/R/robotics_ws/src/robot_autonomy/robot_local_localization' with build type 'ament_cmake'
[0.532s] INFO:colcon.colcon_cmake.task.cmake.build:Building CMake package in '/home/amir/Documents/R/robotics_ws/src/robot_autonomy/robot_local_localization'
[0.533s] INFO:colcon.colcon_core.shell:Skip shell extension 'powershell' for command environment: Not usable outside of PowerShell
[0.533s] DEBUG:colcon.colcon_core.shell:Skip shell extension 'dsv' for command environment
[0.556s] DEBUG:colcon.colcon_core.event_handler.log_command:Invoking command in '/home/amir/Documents/R/robotics_ws/src/build/robot_description': CMAKE_PREFIX_PATH=${CMAKE_PREFIX_PATH}:/opt/ros/humble /usr/bin/cmake /home/amir/Documents/R/robotics_ws/src/robotic_course/robot_description -DAMENT_CMAKE_SYMLINK_INSTALL=1 -DCMAKE_INSTALL_PREFIX=/home/amir/Documents/R/robotics_ws/src/install/robot_description
[0.565s] DEBUG:colcon.colcon_core.event_handler.log_command:Invoking command in '/home/amir/Documents/R/robotics_ws/src/build/robot_local_localization': CMAKE_PREFIX_PATH=${CMAKE_PREFIX_PATH}:/opt/ros/humble /usr/bin/cmake /home/amir/Documents/R/robotics_ws/src/robot_autonomy/robot_local_localization -DAMENT_CMAKE_SYMLINK_INSTALL=1 -DCMAKE_INSTALL_PREFIX=/home/amir/Documents/R/robotics_ws/src/install/robot_local_localization
[3.406s] DEBUG:colcon.colcon_core.event_handler.log_command:Invoked command in '/home/amir/Documents/R/robotics_ws/src/build/robot_description' returned '0': CMAKE_PREFIX_PATH=${CMAKE_PREFIX_PATH}:/opt/ros/humble /usr/bin/cmake /home/amir/Documents/R/robotics_ws/src/robotic_course/robot_description -DAMENT_CMAKE_SYMLINK_INSTALL=1 -DCMAKE_INSTALL_PREFIX=/home/amir/Documents/R/robotics_ws/src/install/robot_description
[3.411s] DEBUG:colcon.colcon_core.event_handler.log_command:Invoking command in '/home/amir/Documents/R/robotics_ws/src/build/robot_description': CMAKE_PREFIX_PATH=${CMAKE_PREFIX_PATH}:/opt/ros/humble /usr/bin/cmake --build /home/amir/Documents/R/robotics_ws/src/build/robot_description -- -j8 -l8
[3.438s] DEBUG:colcon.colcon_core.event_handler.log_command:Invoked command in '/home/amir/Documents/R/robotics_ws/src/build/robot_local_localization' returned '0': CMAKE_PREFIX_PATH=${CMAKE_PREFIX_PATH}:/opt/ros/humble /usr/bin/cmake /home/amir/Documents/R/robotics_ws/src/robot_autonomy/robot_local_localization -DAMENT_CMAKE_SYMLINK_INSTALL=1 -DCMAKE_INSTALL_PREFIX=/home/amir/Documents/R/robotics_ws/src/install/robot_local_localization
[3.440s] DEBUG:colcon.colcon_core.event_handler.log_command:Invoking command in '/home/amir/Documents/R/robotics_ws/src/build/robot_local_localization': CMAKE_PREFIX_PATH=${CMAKE_PREFIX_PATH}:/opt/ros/humble /usr/bin/cmake --build /home/amir/Documents/R/robotics_ws/src/build/robot_local_localization -- -j8 -l8
[3.526s] DEBUG:colcon.colcon_core.event_handler.log_command:Invoked command in '/home/amir/Documents/R/robotics_ws/src/build/robot_local_localization' returned '0': CMAKE_PREFIX_PATH=${CMAKE_PREFIX_PATH}:/opt/ros/humble /usr/bin/cmake --build /home/amir/Documents/R/robotics_ws/src/build/robot_local_localization -- -j8 -l8
[3.552s] DEBUG:colcon.colcon_core.event_handler.log_command:Invoking command in '/home/amir/Documents/R/robotics_ws/src/build/robot_local_localization': CMAKE_PREFIX_PATH=${CMAKE_PREFIX_PATH}:/opt/ros/humble /usr/bin/cmake --install /home/amir/Documents/R/robotics_ws/src/build/robot_local_localization
[3.833s] Level 1:colcon.colcon_core.environment:create_environment_scripts_only(robot_local_localization)
[3.835s] DEBUG:colcon.colcon_core.event_handler.log_command:Invoked command in '/home/amir/Documents/R/robotics_ws/src/build/robot_local_localization' returned '0': CMAKE_PREFIX_PATH=${CMAKE_PREFIX_PATH}:/opt/ros/humble /usr/bin/cmake --install /home/amir/Documents/R/robotics_ws/src/build/robot_local_localization
[3.841s] Level 1:colcon.colcon_core.environment:checking '/home/amir/Documents/R/robotics_ws/src/install/robot_local_localization' for CMake module files
[3.843s] Level 1:colcon.colcon_core.environment:checking '/home/amir/Documents/R/robotics_ws/src/install/robot_local_localization' for CMake config files
[3.844s] Level 1:colcon.colcon_core.shell:create_environment_hook('robot_local_localization', 'cmake_prefix_path')
[3.844s] INFO:colcon.colcon_core.shell:Creating environment hook '/home/amir/Documents/R/robotics_ws/src/install/robot_local_localization/share/robot_local_localization/hook/cmake_prefix_path.ps1'
[3.846s] INFO:colcon.colcon_core.shell:Creating environment descriptor '/home/amir/Documents/R/robotics_ws/src/install/robot_local_localization/share/robot_local_localization/hook/cmake_prefix_path.dsv'
[3.847s] INFO:colcon.colcon_core.shell:Creating environment hook '/home/amir/Documents/R/robotics_ws/src/install/robot_local_localization/share/robot_local_localization/hook/cmake_prefix_path.sh'
[3.850s] Level 1:colcon.colcon_core.environment:checking '/home/amir/Documents/R/robotics_ws/src/install/robot_local_localization/bin'
[3.850s] Level 1:colcon.colcon_core.environment:checking '/home/amir/Documents/R/robotics_ws/src/install/robot_local_localization/lib/pkgconfig/robot_local_localization.pc'
[3.851s] Level 1:colcon.colcon_core.environment:checking '/home/amir/Documents/R/robotics_ws/src/install/robot_local_localization/lib/python3.10/site-packages'
[3.852s] Level 1:colcon.colcon_core.environment:checking '/home/amir/Documents/R/robotics_ws/src/install/robot_local_localization/bin'
[3.853s] INFO:colcon.colcon_core.shell:Creating package script '/home/amir/Documents/R/robotics_ws/src/install/robot_local_localization/share/robot_local_localization/package.ps1'
[3.856s] INFO:colcon.colcon_core.shell:Creating package descriptor '/home/amir/Documents/R/robotics_ws/src/install/robot_local_localization/share/robot_local_localization/package.dsv'
[3.857s] INFO:colcon.colcon_core.shell:Creating package script '/home/amir/Documents/R/robotics_ws/src/install/robot_local_localization/share/robot_local_localization/package.sh'
[3.860s] INFO:colcon.colcon_core.shell:Creating package script '/home/amir/Documents/R/robotics_ws/src/install/robot_local_localization/share/robot_local_localization/package.bash'
[3.863s] INFO:colcon.colcon_core.shell:Creating package script '/home/amir/Documents/R/robotics_ws/src/install/robot_local_localization/share/robot_local_localization/package.zsh'
[3.865s] Level 1:colcon.colcon_core.environment:create_file_with_runtime_dependencies(/home/amir/Documents/R/robotics_ws/src/install/robot_local_localization/share/colcon-core/packages/robot_local_localization)
[3.867s] Level 1:colcon.colcon_core.environment:create_environment_scripts_only(robot_local_localization)
[3.868s] Level 1:colcon.colcon_core.environment:checking '/home/amir/Documents/R/robotics_ws/src/install/robot_local_localization' for CMake module files
[3.869s] Level 1:colcon.colcon_core.environment:checking '/home/amir/Documents/R/robotics_ws/src/install/robot_local_localization' for CMake config files
[3.870s] Level 1:colcon.colcon_core.shell:create_environment_hook('robot_local_localization', 'cmake_prefix_path')
[3.871s] INFO:colcon.colcon_core.shell:Creating environment hook '/home/amir/Documents/R/robotics_ws/src/install/robot_local_localization/share/robot_local_localization/hook/cmake_prefix_path.ps1'
[3.872s] INFO:colcon.colcon_core.shell:Creating environment descriptor '/home/amir/Documents/R/robotics_ws/src/install/robot_local_localization/share/robot_local_localization/hook/cmake_prefix_path.dsv'
[3.873s] INFO:colcon.colcon_core.shell:Creating environment hook '/home/amir/Documents/R/robotics_ws/src/install/robot_local_localization/share/robot_local_localization/hook/cmake_prefix_path.sh'
[3.874s] Level 1:colcon.colcon_core.environment:checking '/home/amir/Documents/R/robotics_ws/src/install/robot_local_localization/bin'
[3.875s] Level 1:colcon.colcon_core.environment:checking '/home/amir/Documents/R/robotics_ws/src/install/robot_local_localization/lib/pkgconfig/robot_local_localization.pc'
[3.876s] Level 1:colcon.colcon_core.environment:checking '/home/amir/Documents/R/robotics_ws/src/install/robot_local_localization/lib/python3.10/site-packages'
[3.878s] Level 1:colcon.colcon_core.environment:checking '/home/amir/Documents/R/robotics_ws/src/install/robot_local_localization/bin'
[3.879s] INFO:colcon.colcon_core.shell:Creating package script '/home/amir/Documents/R/robotics_ws/src/install/robot_local_localization/share/robot_local_localization/package.ps1'
[3.882s] INFO:colcon.colcon_core.shell:Creating package descriptor '/home/amir/Documents/R/robotics_ws/src/install/robot_local_localization/share/robot_local_localization/package.dsv'
[3.883s] INFO:colcon.colcon_core.shell:Creating package script '/home/amir/Documents/R/robotics_ws/src/install/robot_local_localization/share/robot_local_localization/package.sh'
[3.884s] INFO:colcon.colcon_core.shell:Creating package script '/home/amir/Documents/R/robotics_ws/src/install/robot_local_localization/share/robot_local_localization/package.bash'
[3.885s] INFO:colcon.colcon_core.shell:Creating package script '/home/amir/Documents/R/robotics_ws/src/install/robot_local_localization/share/robot_local_localization/package.zsh'
[3.887s] Level 1:colcon.colcon_core.environment:create_file_with_runtime_dependencies(/home/amir/Documents/R/robotics_ws/src/install/robot_local_localization/share/colcon-core/packages/robot_local_localization)
[38.712s] DEBUG:colcon.colcon_core.event_handler.log_command:Invoked command in '/home/amir/Documents/R/robotics_ws/src/build/robot_description' returned '0': CMAKE_PREFIX_PATH=${CMAKE_PREFIX_PATH}:/opt/ros/humble /usr/bin/cmake --build /home/amir/Documents/R/robotics_ws/src/build/robot_description -- -j8 -l8
[38.718s] DEBUG:colcon.colcon_core.event_handler.log_command:Invoking command in '/home/amir/Documents/R/robotics_ws/src/build/robot_description': CMAKE_PREFIX_PATH=${CMAKE_PREFIX_PATH}:/opt/ros/humble /usr/bin/cmake --install /home/amir/Documents/R/robotics_ws/src/build/robot_description
[39.448s] Level 1:colcon.colcon_core.environment:create_environment_scripts_only(robot_description)
[39.449s] DEBUG:colcon.colcon_core.event_handler.log_command:Invoked command in '/home/amir/Documents/R/robotics_ws/src/build/robot_description' returned '0': CMAKE_PREFIX_PATH=${CMAKE_PREFIX_PATH}:/opt/ros/humble /usr/bin/cmake --install /home/amir/Documents/R/robotics_ws/src/build/robot_description
[39.450s] Level 1:colcon.colcon_core.environment:checking '/home/amir/Documents/R/robotics_ws/src/install/robot_description' for CMake module files
[39.451s] Level 1:colcon.colcon_core.environment:checking '/home/amir/Documents/R/robotics_ws/src/install/robot_description' for CMake config files
[39.452s] Level 1:colcon.colcon_core.shell:create_environment_hook('robot_description', 'cmake_prefix_path')
[39.452s] INFO:colcon.colcon_core.shell:Creating environment hook '/home/amir/Documents/R/robotics_ws/src/install/robot_description/share/robot_description/hook/cmake_prefix_path.ps1'
[39.453s] INFO:colcon.colcon_core.shell:Creating environment descriptor '/home/amir/Documents/R/robotics_ws/src/install/robot_description/share/robot_description/hook/cmake_prefix_path.dsv'
[39.453s] INFO:colcon.colcon_core.shell:Creating environment hook '/home/amir/Documents/R/robotics_ws/src/install/robot_description/share/robot_description/hook/cmake_prefix_path.sh'
[39.454s] Level 1:colcon.colcon_core.environment:checking '/home/amir/Documents/R/robotics_ws/src/install/robot_description/lib'
[39.455s] Level 1:colcon.colcon_core.environment:checking '/home/amir/Documents/R/robotics_ws/src/install/robot_description/bin'
[39.455s] Level 1:colcon.colcon_core.environment:checking '/home/amir/Documents/R/robotics_ws/src/install/robot_description/lib/pkgconfig/robot_description.pc'
[39.455s] Level 1:colcon.colcon_core.environment:checking '/home/amir/Documents/R/robotics_ws/src/install/robot_description/lib/python3.10/site-packages'
[39.456s] Level 1:colcon.colcon_core.environment:checking '/home/amir/Documents/R/robotics_ws/src/install/robot_description/bin'
[39.456s] INFO:colcon.colcon_core.shell:Creating package script '/home/amir/Documents/R/robotics_ws/src/install/robot_description/share/robot_description/package.ps1'
[39.457s] INFO:colcon.colcon_core.shell:Creating package descriptor '/home/amir/Documents/R/robotics_ws/src/install/robot_description/share/robot_description/package.dsv'
[39.458s] INFO:colcon.colcon_core.shell:Creating package script '/home/amir/Documents/R/robotics_ws/src/install/robot_description/share/robot_description/package.sh'
[39.458s] INFO:colcon.colcon_core.shell:Creating package script '/home/amir/Documents/R/robotics_ws/src/install/robot_description/share/robot_description/package.bash'
[39.459s] INFO:colcon.colcon_core.shell:Creating package script '/home/amir/Documents/R/robotics_ws/src/install/robot_description/share/robot_description/package.zsh'
[39.459s] Level 1:colcon.colcon_core.environment:create_file_with_runtime_dependencies(/home/amir/Documents/R/robotics_ws/src/install/robot_description/share/colcon-core/packages/robot_description)
[39.461s] Level 1:colcon.colcon_core.environment:create_environment_scripts_only(robot_description)
[39.461s] Level 1:colcon.colcon_core.environment:checking '/home/amir/Documents/R/robotics_ws/src/install/robot_description' for CMake module files
[39.462s] Level 1:colcon.colcon_core.environment:checking '/home/amir/Documents/R/robotics_ws/src/install/robot_description' for CMake config files
[39.463s] Level 1:colcon.colcon_core.shell:create_environment_hook('robot_description', 'cmake_prefix_path')
[39.463s] INFO:colcon.colcon_core.shell:Creating environment hook '/home/amir/Documents/R/robotics_ws/src/install/robot_description/share/robot_description/hook/cmake_prefix_path.ps1'
[39.464s] INFO:colcon.colcon_core.shell:Creating environment descriptor '/home/amir/Documents/R/robotics_ws/src/install/robot_description/share/robot_description/hook/cmake_prefix_path.dsv'
[39.464s] INFO:colcon.colcon_core.shell:Creating environment hook '/home/amir/Documents/R/robotics_ws/src/install/robot_description/share/robot_description/hook/cmake_prefix_path.sh'
[39.465s] Level 1:colcon.colcon_core.environment:checking '/home/amir/Documents/R/robotics_ws/src/install/robot_description/lib'
[39.465s] Level 1:colcon.colcon_core.environment:checking '/home/amir/Documents/R/robotics_ws/src/install/robot_description/bin'
[39.465s] Level 1:colcon.colcon_core.environment:checking '/home/amir/Documents/R/robotics_ws/src/install/robot_description/lib/pkgconfig/robot_description.pc'
[39.466s] Level 1:colcon.colcon_core.environment:checking '/home/amir/Documents/R/robotics_ws/src/install/robot_description/lib/python3.10/site-packages'
[39.466s] Level 1:colcon.colcon_core.environment:checking '/home/amir/Documents/R/robotics_ws/src/install/robot_description/bin'
[39.467s] INFO:colcon.colcon_core.shell:Creating package script '/home/amir/Documents/R/robotics_ws/src/install/robot_description/share/robot_description/package.ps1'
[39.468s] INFO:colcon.colcon_core.shell:Creating package descriptor '/home/amir/Documents/R/robotics_ws/src/install/robot_description/share/robot_description/package.dsv'
[39.468s] INFO:colcon.colcon_core.shell:Creating package script '/home/amir/Documents/R/robotics_ws/src/install/robot_description/share/robot_description/package.sh'
[39.469s] INFO:colcon.colcon_core.shell:Creating package script '/home/amir/Documents/R/robotics_ws/src/install/robot_description/share/robot_description/package.bash'
[39.470s] INFO:colcon.colcon_core.shell:Creating package script '/home/amir/Documents/R/robotics_ws/src/install/robot_description/share/robot_description/package.zsh'
[39.470s] Level 1:colcon.colcon_core.environment:create_file_with_runtime_dependencies(/home/amir/Documents/R/robotics_ws/src/install/robot_description/share/colcon-core/packages/robot_description)
[39.471s] DEBUG:colcon.colcon_parallel_executor.executor.parallel:closing loop
[39.471s] DEBUG:colcon.colcon_parallel_executor.executor.parallel:loop closed
[39.471s] DEBUG:colcon.colcon_parallel_executor.executor.parallel:run_until_complete finished with '0'
[39.471s] DEBUG:colcon.colcon_core.event_reactor:joining thread
[39.482s] INFO:colcon.colcon_core.plugin_system:Skipping extension 'colcon_notification.desktop_notification.terminal_notifier': Not used on non-Darwin systems
[39.483s] INFO:colcon.colcon_core.plugin_system:Skipping extension 'colcon_notification.desktop_notification.win32': Not used on non-Windows systems
[39.483s] INFO:colcon.colcon_notification.desktop_notification:Sending desktop notification using 'notify2'
[39.512s] DEBUG:colcon.colcon_core.event_reactor:joined thread
[39.513s] INFO:colcon.colcon_core.shell:Creating prefix script '/home/amir/Documents/R/robotics_ws/src/install/local_setup.ps1'
[39.516s] INFO:colcon.colcon_core.shell:Creating prefix util module '/home/amir/Documents/R/robotics_ws/src/install/_local_setup_util_ps1.py'
[39.520s] INFO:colcon.colcon_core.shell:Creating prefix chain script '/home/amir/Documents/R/robotics_ws/src/install/setup.ps1'
[39.522s] INFO:colcon.colcon_core.shell:Creating prefix script '/home/amir/Documents/R/robotics_ws/src/install/local_setup.sh'
[39.523s] INFO:colcon.colcon_core.shell:Creating prefix util module '/home/amir/Documents/R/robotics_ws/src/install/_local_setup_util_sh.py'
[39.524s] INFO:colcon.colcon_core.shell:Creating prefix chain script '/home/amir/Documents/R/robotics_ws/src/install/setup.sh'
[39.529s] INFO:colcon.colcon_core.shell:Creating prefix script '/home/amir/Documents/R/robotics_ws/src/install/local_setup.bash'
[39.531s] INFO:colcon.colcon_core.shell:Creating prefix chain script '/home/amir/Documents/R/robotics_ws/src/install/setup.bash'
[39.533s] INFO:colcon.colcon_core.shell:Creating prefix script '/home/amir/Documents/R/robotics_ws/src/install/local_setup.zsh'
[39.534s] INFO:colcon.colcon_core.shell:Creating prefix chain script '/home/amir/Documents/R/robotics_ws/src/install/setup.zsh'
