[0.030s] Invoking command in '/home/amir/Documents/R/robotics_ws/src/build/robot_local_localization': CMAKE_PREFIX_PATH=${CMAKE_PREFIX_PATH}:/opt/ros/humble /usr/bin/cmake /home/amir/Documents/R/robotics_ws/src/robot_autonomy/robot_local_localization -DAMENT_CMAKE_SYMLINK_INSTALL=1 -DCMAKE_INSTALL_PREFIX=/home/amir/Documents/R/robotics_ws/src/install/robot_local_localization
[0.058s] -- Found ament_cmake: 1.3.12 (/opt/ros/humble/share/ament_cmake/cmake)
[0.416s] -- Override CMake install command with custom implementation using symlinks instead of copying resources
[0.451s] -- Found rclcpp: 16.0.15 (/opt/ros/humble/share/rclcpp/cmake)
[0.537s] -- Found rosidl_generator_c: 3.1.7 (/opt/ros/humble/share/rosidl_generator_c/cmake)
[0.547s] -- Found rosidl_adapter: 3.1.7 (/opt/ros/humble/share/rosidl_adapter/cmake)
[0.562s] -- Found rosidl_generator_cpp: 3.1.7 (/opt/ros/humble/share/rosidl_generator_cpp/cmake)
[0.584s] -- Using all available rosidl_typesupport_c: rosidl_typesupport_fastrtps_c;rosidl_typesupport_introspection_c
[0.617s] -- Using all available rosidl_typesupport_cpp: rosidl_typesupport_fastrtps_cpp;rosidl_typesupport_introspection_cpp
[0.701s] -- Found rmw_implementation_cmake: 6.1.2 (/opt/ros/humble/share/rmw_implementation_cmake/cmake)
[0.707s] -- Found rmw_fastrtps_cpp: 6.2.8 (/opt/ros/humble/share/rmw_fastrtps_cpp/cmake)
[0.884s] -- Found OpenSSL: /usr/lib/x86_64-linux-gnu/libcrypto.so (found version "3.0.2")  
[0.944s] -- Found FastRTPS: /opt/ros/humble/include  
[1.028s] -- Using RMW implementation 'rmw_fastrtps_cpp' as default
[1.047s] -- Looking for pthread.h
[1.179s] -- Looking for pthread.h - found
[1.180s] -- Performing Test CMAKE_HAVE_LIBC_PTHREAD
[1.320s] -- Performing Test CMAKE_HAVE_LIBC_PTHREAD - Success
[1.323s] -- Found Threads: TRUE  
[1.426s] -- Found sensor_msgs: 4.9.0 (/opt/ros/humble/share/sensor_msgs/cmake)
[1.486s] -- Found nav_msgs: 4.9.0 (/opt/ros/humble/share/nav_msgs/cmake)
[1.522s] -- Found robot_state_publisher: 3.0.3 (/opt/ros/humble/share/robot_state_publisher/cmake)
[1.561s] -- Found eigen3_cmake_module: 0.1.1 (/opt/ros/humble/share/eigen3_cmake_module/cmake)
[1.564s] -- Found Eigen3: TRUE (found version "3.4.0") 
[1.564s] -- Ensuring Eigen3 include directory is part of orocos-kdl CMake target
[2.052s] -- Found ament_lint_auto: 0.12.14 (/opt/ros/humble/share/ament_lint_auto/cmake)
[2.387s] -- Added test 'cppcheck' to perform static code analysis on C / C++ code
[2.388s] -- Configured cppcheck include dirs: 
[2.388s] -- Configured cppcheck exclude dirs and/or files: 
[2.395s] -- Added test 'flake8' to check Python code syntax and style conventions
[2.410s] -- Added test 'lint_cmake' to check CMake code style
[2.418s] -- Added test 'pep257' to check Python code against some of the docstring style conventions in PEP 257
[2.460s] -- Added test 'uncrustify' to check C / C++ code style
[2.461s] -- Configured uncrustify additional arguments: 
[2.467s] -- Added test 'xmllint' to check XML markup files
[2.473s] -- Configuring done
[2.490s] -- Generating done
[2.501s] -- Build files have been written to: /home/amir/Documents/R/robotics_ws/src/build/robot_local_localization
[2.532s] Invoked command in '/home/amir/Documents/R/robotics_ws/src/build/robot_local_localization' returned '0': CMAKE_PREFIX_PATH=${CMAKE_PREFIX_PATH}:/opt/ros/humble /usr/bin/cmake /home/amir/Documents/R/robotics_ws/src/robot_autonomy/robot_local_localization -DAMENT_CMAKE_SYMLINK_INSTALL=1 -DCMAKE_INSTALL_PREFIX=/home/amir/Documents/R/robotics_ws/src/install/robot_local_localization
[2.539s] Invoking command in '/home/amir/Documents/R/robotics_ws/src/build/robot_local_localization': CMAKE_PREFIX_PATH=${CMAKE_PREFIX_PATH}:/opt/ros/humble /usr/bin/cmake --build /home/amir/Documents/R/robotics_ws/src/build/robot_local_localization -- -j8 -l8
[2.682s] Invoked command in '/home/amir/Documents/R/robotics_ws/src/build/robot_local_localization' returned '0': CMAKE_PREFIX_PATH=${CMAKE_PREFIX_PATH}:/opt/ros/humble /usr/bin/cmake --build /home/amir/Documents/R/robotics_ws/src/build/robot_local_localization -- -j8 -l8
[2.719s] Invoking command in '/home/amir/Documents/R/robotics_ws/src/build/robot_local_localization': CMAKE_PREFIX_PATH=${CMAKE_PREFIX_PATH}:/opt/ros/humble /usr/bin/cmake --install /home/amir/Documents/R/robotics_ws/src/build/robot_local_localization
[2.745s] -- Install configuration: ""
[2.748s] -- Execute custom install script
[2.749s] -- Symlinking: /home/amir/Documents/R/robotics_ws/src/install/robot_local_localization/share/ament_index/resource_index/package_run_dependencies/robot_local_localization
[2.781s] -- Symlinking: /home/amir/Documents/R/robotics_ws/src/install/robot_local_localization/share/ament_index/resource_index/parent_prefix_path/robot_local_localization
[2.813s] -- Symlinking: /home/amir/Documents/R/robotics_ws/src/install/robot_local_localization/share/robot_local_localization/environment/ament_prefix_path.sh
[2.847s] -- Symlinking: /home/amir/Documents/R/robotics_ws/src/install/robot_local_localization/share/robot_local_localization/environment/ament_prefix_path.dsv
[2.879s] -- Symlinking: /home/amir/Documents/R/robotics_ws/src/install/robot_local_localization/share/robot_local_localization/environment/path.sh
[2.913s] -- Symlinking: /home/amir/Documents/R/robotics_ws/src/install/robot_local_localization/share/robot_local_localization/environment/path.dsv
[2.944s] -- Symlinking: /home/amir/Documents/R/robotics_ws/src/install/robot_local_localization/share/robot_local_localization/local_setup.bash
[2.972s] -- Symlinking: /home/amir/Documents/R/robotics_ws/src/install/robot_local_localization/share/robot_local_localization/local_setup.sh
[3.006s] -- Symlinking: /home/amir/Documents/R/robotics_ws/src/install/robot_local_localization/share/robot_local_localization/local_setup.zsh
[3.040s] -- Symlinking: /home/amir/Documents/R/robotics_ws/src/install/robot_local_localization/share/robot_local_localization/local_setup.dsv
[3.072s] -- Symlinking: /home/amir/Documents/R/robotics_ws/src/install/robot_local_localization/share/robot_local_localization/package.dsv
[3.104s] -- Symlinking: /home/amir/Documents/R/robotics_ws/src/install/robot_local_localization/share/ament_index/resource_index/packages/robot_local_localization
[3.141s] -- Symlinking: /home/amir/Documents/R/robotics_ws/src/install/robot_local_localization/share/robot_local_localization/cmake/robot_local_localizationConfig.cmake
[3.173s] -- Symlinking: /home/amir/Documents/R/robotics_ws/src/install/robot_local_localization/share/robot_local_localization/cmake/robot_local_localizationConfig-version.cmake
[3.206s] -- Symlinking: /home/amir/Documents/R/robotics_ws/src/install/robot_local_localization/share/robot_local_localization/package.xml
[3.249s] Invoked command in '/home/amir/Documents/R/robotics_ws/src/build/robot_local_localization' returned '0': CMAKE_PREFIX_PATH=${CMAKE_PREFIX_PATH}:/opt/ros/humble /usr/bin/cmake --install /home/amir/Documents/R/robotics_ws/src/build/robot_local_localization
