[0.031s] Invoking command in '/home/amir/Documents/R/robotics_ws/src/build/robot_local_localization': CMAKE_PREFIX_PATH=${CMAKE_PREFIX_PATH}:/opt/ros/humble /usr/bin/cmake /home/amir/Documents/R/robotics_ws/src/robot_autonomy/robot_local_localization -DAMENT_CMAKE_SYMLINK_INSTALL=1 -DCMAKE_INSTALL_PREFIX=/home/amir/Documents/R/robotics_ws/src/install/robot_local_localization
[0.147s] -- The C compiler identification is GNU 11.4.0
[0.305s] -- The CXX compiler identification is GNU 11.4.0
[0.323s] -- Detecting C compiler ABI info
[0.467s] -- Detecting C compiler ABI info - done
[0.495s] -- Check for working C compiler: /usr/bin/cc - skipped
[0.495s] -- Detecting C compile features
[0.497s] -- Detecting C compile features - done
[0.503s] -- Detecting CXX compiler ABI info
[0.681s] -- Detecting CXX compiler ABI info - done
[0.701s] -- Check for working CXX compiler: /usr/bin/c++ - skipped
[0.701s] -- Detecting CXX compile features
[0.702s] -- Detecting CXX compile features - done
[0.707s] -- Found ament_cmake: 1.3.12 (/opt/ros/humble/share/ament_cmake/cmake)
[1.094s] -- Found Python3: /usr/bin/python3 (found version "3.10.12") found components: Interpreter 
[1.237s] -- Override CMake install command with custom implementation using symlinks instead of copying resources
[1.286s] -- Found rclcpp: 16.0.15 (/opt/ros/humble/share/rclcpp/cmake)
[1.364s] -- Found rosidl_generator_c: 3.1.7 (/opt/ros/humble/share/rosidl_generator_c/cmake)
[1.372s] -- Found rosidl_adapter: 3.1.7 (/opt/ros/humble/share/rosidl_adapter/cmake)
[1.386s] -- Found rosidl_generator_cpp: 3.1.7 (/opt/ros/humble/share/rosidl_generator_cpp/cmake)
[1.407s] -- Using all available rosidl_typesupport_c: rosidl_typesupport_fastrtps_c;rosidl_typesupport_introspection_c
[1.441s] -- Using all available rosidl_typesupport_cpp: rosidl_typesupport_fastrtps_cpp;rosidl_typesupport_introspection_cpp
[1.513s] -- Found rmw_implementation_cmake: 6.1.2 (/opt/ros/humble/share/rmw_implementation_cmake/cmake)
[1.517s] -- Found rmw_fastrtps_cpp: 6.2.8 (/opt/ros/humble/share/rmw_fastrtps_cpp/cmake)
[1.684s] -- Found OpenSSL: /usr/lib/x86_64-linux-gnu/libcrypto.so (found version "3.0.2")  
[1.742s] -- Found FastRTPS: /opt/ros/humble/include  
[1.836s] -- Using RMW implementation 'rmw_fastrtps_cpp' as default
[1.853s] -- Looking for pthread.h
[2.001s] -- Looking for pthread.h - found
[2.002s] -- Performing Test CMAKE_HAVE_LIBC_PTHREAD
[2.157s] -- Performing Test CMAKE_HAVE_LIBC_PTHREAD - Success
[2.160s] -- Found Threads: TRUE  
[2.252s] -- Found sensor_msgs: 4.9.0 (/opt/ros/humble/share/sensor_msgs/cmake)
[2.309s] -- Found nav_msgs: 4.9.0 (/opt/ros/humble/share/nav_msgs/cmake)
[2.350s] -- Found robot_state_publisher: 3.0.3 (/opt/ros/humble/share/robot_state_publisher/cmake)
[2.381s] -- Found eigen3_cmake_module: 0.1.1 (/opt/ros/humble/share/eigen3_cmake_module/cmake)
[2.384s] -- Found Eigen3: TRUE (found version "3.4.0") 
[2.384s] -- Ensuring Eigen3 include directory is part of orocos-kdl CMake target
[2.644s] -- Found ament_lint_auto: 0.12.14 (/opt/ros/humble/share/ament_lint_auto/cmake)
[2.815s] -- Added test 'cppcheck' to perform static code analysis on C / C++ code
[2.815s] -- Configured cppcheck include dirs: 
[2.815s] -- Configured cppcheck exclude dirs and/or files: 
[2.818s] -- Added test 'flake8' to check Python code syntax and style conventions
[2.823s] -- Added test 'lint_cmake' to check CMake code style
[2.830s] -- Added test 'pep257' to check Python code against some of the docstring style conventions in PEP 257
[2.854s] -- Added test 'uncrustify' to check C / C++ code style
[2.854s] -- Configured uncrustify additional arguments: 
[2.859s] -- Added test 'xmllint' to check XML markup files
[2.862s] -- Configuring done
[2.880s] -- Generating done
[2.881s] -- Build files have been written to: /home/amir/Documents/R/robotics_ws/src/build/robot_local_localization
[2.904s] Invoked command in '/home/amir/Documents/R/robotics_ws/src/build/robot_local_localization' returned '0': CMAKE_PREFIX_PATH=${CMAKE_PREFIX_PATH}:/opt/ros/humble /usr/bin/cmake /home/amir/Documents/R/robotics_ws/src/robot_autonomy/robot_local_localization -DAMENT_CMAKE_SYMLINK_INSTALL=1 -DCMAKE_INSTALL_PREFIX=/home/amir/Documents/R/robotics_ws/src/install/robot_local_localization
[2.907s] Invoking command in '/home/amir/Documents/R/robotics_ws/src/build/robot_local_localization': CMAKE_PREFIX_PATH=${CMAKE_PREFIX_PATH}:/opt/ros/humble /usr/bin/cmake --build /home/amir/Documents/R/robotics_ws/src/build/robot_local_localization -- -j8 -l8
[2.992s] Invoked command in '/home/amir/Documents/R/robotics_ws/src/build/robot_local_localization' returned '0': CMAKE_PREFIX_PATH=${CMAKE_PREFIX_PATH}:/opt/ros/humble /usr/bin/cmake --build /home/amir/Documents/R/robotics_ws/src/build/robot_local_localization -- -j8 -l8
[3.019s] Invoking command in '/home/amir/Documents/R/robotics_ws/src/build/robot_local_localization': CMAKE_PREFIX_PATH=${CMAKE_PREFIX_PATH}:/opt/ros/humble /usr/bin/cmake --install /home/amir/Documents/R/robotics_ws/src/build/robot_local_localization
[3.036s] -- Install configuration: ""
[3.037s] -- Execute custom install script
[3.037s] -- Symlinking: /home/amir/Documents/R/robotics_ws/src/install/robot_local_localization/share/ament_index/resource_index/package_run_dependencies/robot_local_localization
[3.056s] -- Symlinking: /home/amir/Documents/R/robotics_ws/src/install/robot_local_localization/share/ament_index/resource_index/parent_prefix_path/robot_local_localization
[3.072s] -- Symlinking: /home/amir/Documents/R/robotics_ws/src/install/robot_local_localization/share/robot_local_localization/environment/ament_prefix_path.sh
[3.090s] -- Symlinking: /home/amir/Documents/R/robotics_ws/src/install/robot_local_localization/share/robot_local_localization/environment/ament_prefix_path.dsv
[3.106s] -- Symlinking: /home/amir/Documents/R/robotics_ws/src/install/robot_local_localization/share/robot_local_localization/environment/path.sh
[3.122s] -- Symlinking: /home/amir/Documents/R/robotics_ws/src/install/robot_local_localization/share/robot_local_localization/environment/path.dsv
[3.147s] -- Symlinking: /home/amir/Documents/R/robotics_ws/src/install/robot_local_localization/share/robot_local_localization/local_setup.bash
[3.164s] -- Symlinking: /home/amir/Documents/R/robotics_ws/src/install/robot_local_localization/share/robot_local_localization/local_setup.sh
[3.180s] -- Symlinking: /home/amir/Documents/R/robotics_ws/src/install/robot_local_localization/share/robot_local_localization/local_setup.zsh
[3.196s] -- Symlinking: /home/amir/Documents/R/robotics_ws/src/install/robot_local_localization/share/robot_local_localization/local_setup.dsv
[3.212s] -- Symlinking: /home/amir/Documents/R/robotics_ws/src/install/robot_local_localization/share/robot_local_localization/package.dsv
[3.228s] -- Symlinking: /home/amir/Documents/R/robotics_ws/src/install/robot_local_localization/share/ament_index/resource_index/packages/robot_local_localization
[3.246s] -- Symlinking: /home/amir/Documents/R/robotics_ws/src/install/robot_local_localization/share/robot_local_localization/cmake/robot_local_localizationConfig.cmake
[3.262s] -- Symlinking: /home/amir/Documents/R/robotics_ws/src/install/robot_local_localization/share/robot_local_localization/cmake/robot_local_localizationConfig-version.cmake
[3.278s] -- Symlinking: /home/amir/Documents/R/robotics_ws/src/install/robot_local_localization/share/robot_local_localization/package.xml
[3.302s] Invoked command in '/home/amir/Documents/R/robotics_ws/src/build/robot_local_localization' returned '0': CMAKE_PREFIX_PATH=${CMAKE_PREFIX_PATH}:/opt/ros/humble /usr/bin/cmake --install /home/amir/Documents/R/robotics_ws/src/build/robot_local_localization
