[0.070s] DEBUG:colcon:Command line arguments: ['/usr/bin/colcon', 'build', '--symlink-install']
[0.071s] DEBUG:colcon:Parsed command line arguments: Namespace(log_base=None, log_level=None, verb_name='build', build_base='build', install_base='install', merge_install=False, symlink_install=True, test_result_base=None, continue_on_error=False, executor='parallel', parallel_workers=8, event_handlers=None, ignore_user_meta=False, metas=['./colcon.meta'], base_paths=['.'], packages_ignore=None, packages_ignore_regex=None, paths=None, packages_up_to=None, packages_up_to_regex=None, packages_above=None, packages_above_and_dependencies=None, packages_above_depth=None, packages_select_by_dep=None, packages_skip_by_dep=None, packages_skip_up_to=None, packages_select_build_failed=False, packages_skip_build_finished=False, packages_select_test_failures=False, packages_skip_test_passed=False, packages_select=None, packages_skip=None, packages_select_regex=None, packages_skip_regex=None, packages_start=None, packages_end=None, allow_overriding=[], cmake_args=None, cmake_target=None, cmake_target_skip_unavailable=False, cmake_clean_cache=False, cmake_clean_first=False, cmake_force_configure=False, ament_cmake_args=None, catkin_cmake_args=None, catkin_skip_building_tests=False, mixin_files=None, mixin=None, verb_parser=<colcon_mixin.mixin.mixin_argument.MixinArgumentDecorator object at 0x754cf63c9c60>, verb_extension=<colcon_core.verb.build.BuildVerb object at 0x754cf63c95d0>, main=<bound method BuildVerb.main of <colcon_core.verb.build.BuildVerb object at 0x754cf63c95d0>>, mixin_verb=('build',))
[0.180s] Level 1:colcon.colcon_core.package_discovery:discover_packages(colcon_meta) check parameters
[0.180s] Level 1:colcon.colcon_core.package_discovery:discover_packages(recursive) check parameters
[0.180s] Level 1:colcon.colcon_core.package_discovery:discover_packages(ignore) check parameters
[0.180s] Level 1:colcon.colcon_core.package_discovery:discover_packages(path) check parameters
[0.180s] Level 1:colcon.colcon_core.package_discovery:discover_packages(colcon_meta) discover
[0.180s] Level 1:colcon.colcon_core.package_discovery:discover_packages(recursive) discover
[0.180s] INFO:colcon.colcon_core.package_discovery:Crawling recursively for packages in '/home/amir/Documents/R/robotics_ws/src/robotic_course/robot_description/src/robot_autonomy/robot_local_localization'
[0.180s] Level 1:colcon.colcon_core.package_identification:_identify(.) by extensions ['ignore', 'ignore_ament_install']
[0.181s] Level 1:colcon.colcon_core.package_identification:_identify(.) by extension 'ignore'
[0.181s] Level 1:colcon.colcon_core.package_identification:_identify(.) by extension 'ignore_ament_install'
[0.181s] Level 1:colcon.colcon_core.package_identification:_identify(.) by extensions ['colcon_pkg']
[0.181s] Level 1:colcon.colcon_core.package_identification:_identify(.) by extension 'colcon_pkg'
[0.181s] Level 1:colcon.colcon_core.package_identification:_identify(.) by extensions ['colcon_meta']
[0.181s] Level 1:colcon.colcon_core.package_identification:_identify(.) by extension 'colcon_meta'
[0.181s] Level 1:colcon.colcon_core.package_identification:_identify(.) by extensions ['ros']
[0.181s] Level 1:colcon.colcon_core.package_identification:_identify(.) by extension 'ros'
[0.190s] DEBUG:colcon.colcon_core.package_identification:Package '.' with type 'ros.ament_cmake' and name 'robot_local_localization'
[0.190s] Level 1:colcon.colcon_core.package_discovery:discover_packages(recursive) using defaults
[0.190s] Level 1:colcon.colcon_core.package_discovery:discover_packages(ignore) discover
[0.190s] Level 1:colcon.colcon_core.package_discovery:discover_packages(ignore) using defaults
[0.190s] Level 1:colcon.colcon_core.package_discovery:discover_packages(path) discover
[0.190s] Level 1:colcon.colcon_core.package_discovery:discover_packages(path) using defaults
[0.211s] Level 1:colcon.colcon_core.package_discovery:discover_packages(prefix_path) check parameters
[0.211s] Level 1:colcon.colcon_core.package_discovery:discover_packages(prefix_path) discover
[0.212s] DEBUG:colcon.colcon_installed_package_information.package_discovery:Found 1 installed packages in /home/amir/Documents/R/robotics_ws/install
[0.213s] DEBUG:colcon.colcon_installed_package_information.package_discovery:Found 364 installed packages in /opt/ros/humble
[0.214s] Level 1:colcon.colcon_core.package_discovery:discover_packages(prefix_path) using defaults
[0.242s] Level 5:colcon.colcon_core.verb:set package 'robot_local_localization' build argument 'cmake_args' from command line to 'None'
[0.242s] Level 5:colcon.colcon_core.verb:set package 'robot_local_localization' build argument 'cmake_target' from command line to 'None'
[0.242s] Level 5:colcon.colcon_core.verb:set package 'robot_local_localization' build argument 'cmake_target_skip_unavailable' from command line to 'False'
[0.242s] Level 5:colcon.colcon_core.verb:set package 'robot_local_localization' build argument 'cmake_clean_cache' from command line to 'False'
[0.242s] Level 5:colcon.colcon_core.verb:set package 'robot_local_localization' build argument 'cmake_clean_first' from command line to 'False'
[0.242s] Level 5:colcon.colcon_core.verb:set package 'robot_local_localization' build argument 'cmake_force_configure' from command line to 'False'
[0.242s] Level 5:colcon.colcon_core.verb:set package 'robot_local_localization' build argument 'ament_cmake_args' from command line to 'None'
[0.242s] Level 5:colcon.colcon_core.verb:set package 'robot_local_localization' build argument 'catkin_cmake_args' from command line to 'None'
[0.242s] Level 5:colcon.colcon_core.verb:set package 'robot_local_localization' build argument 'catkin_skip_building_tests' from command line to 'False'
[0.242s] DEBUG:colcon.colcon_core.verb:Building package 'robot_local_localization' with the following arguments: {'ament_cmake_args': None, 'build_base': '/home/amir/Documents/R/robotics_ws/src/robotic_course/robot_description/src/robot_autonomy/robot_local_localization/build/robot_local_localization', 'catkin_cmake_args': None, 'catkin_skip_building_tests': False, 'cmake_args': None, 'cmake_clean_cache': False, 'cmake_clean_first': False, 'cmake_force_configure': False, 'cmake_target': None, 'cmake_target_skip_unavailable': False, 'install_base': '/home/amir/Documents/R/robotics_ws/src/robotic_course/robot_description/src/robot_autonomy/robot_local_localization/install/robot_local_localization', 'merge_install': False, 'path': '/home/amir/Documents/R/robotics_ws/src/robotic_course/robot_description/src/robot_autonomy/robot_local_localization', 'symlink_install': True, 'test_result_base': None}
[0.242s] INFO:colcon.colcon_core.executor:Executing jobs using 'parallel' executor
[0.243s] DEBUG:colcon.colcon_parallel_executor.executor.parallel:run_until_complete
[0.243s] INFO:colcon.colcon_ros.task.ament_cmake.build:Building ROS package in '/home/amir/Documents/R/robotics_ws/src/robotic_course/robot_description/src/robot_autonomy/robot_local_localization' with build type 'ament_cmake'
[0.244s] INFO:colcon.colcon_cmake.task.cmake.build:Building CMake package in '/home/amir/Documents/R/robotics_ws/src/robotic_course/robot_description/src/robot_autonomy/robot_local_localization'
[0.245s] INFO:colcon.colcon_core.plugin_system:Skipping extension 'colcon_core.shell.bat': Not used on non-Windows systems
[0.245s] INFO:colcon.colcon_core.shell:Skip shell extension 'powershell' for command environment: Not usable outside of PowerShell
[0.245s] DEBUG:colcon.colcon_core.shell:Skip shell extension 'dsv' for command environment
[0.250s] DEBUG:colcon.colcon_core.event_handler.log_command:Invoking command in '/home/amir/Documents/R/robotics_ws/src/robotic_course/robot_description/src/robot_autonomy/robot_local_localization/build/robot_local_localization': CMAKE_PREFIX_PATH=${CMAKE_PREFIX_PATH}:/opt/ros/humble /usr/bin/cmake /home/amir/Documents/R/robotics_ws/src/robotic_course/robot_description/src/robot_autonomy/robot_local_localization -DAMENT_CMAKE_SYMLINK_INSTALL=1 -DCMAKE_INSTALL_PREFIX=/home/amir/Documents/R/robotics_ws/src/robotic_course/robot_description/src/robot_autonomy/robot_local_localization/install/robot_local_localization
[1.417s] DEBUG:colcon.colcon_core.event_handler.log_command:Invoked command in '/home/amir/Documents/R/robotics_ws/src/robotic_course/robot_description/src/robot_autonomy/robot_local_localization/build/robot_local_localization' returned '1': CMAKE_PREFIX_PATH=${CMAKE_PREFIX_PATH}:/opt/ros/humble /usr/bin/cmake /home/amir/Documents/R/robotics_ws/src/robotic_course/robot_description/src/robot_autonomy/robot_local_localization -DAMENT_CMAKE_SYMLINK_INSTALL=1 -DCMAKE_INSTALL_PREFIX=/home/amir/Documents/R/robotics_ws/src/robotic_course/robot_description/src/robot_autonomy/robot_local_localization/install/robot_local_localization
[1.425s] Level 1:colcon.colcon_core.environment:create_environment_scripts_only(robot_local_localization)
[1.427s] Level 1:colcon.colcon_core.environment:checking '/home/amir/Documents/R/robotics_ws/src/robotic_course/robot_description/src/robot_autonomy/robot_local_localization/install/robot_local_localization' for CMake module files
[1.427s] Level 1:colcon.colcon_core.environment:checking '/home/amir/Documents/R/robotics_ws/src/robotic_course/robot_description/src/robot_autonomy/robot_local_localization/install/robot_local_localization' for CMake config files
[1.427s] Level 1:colcon.colcon_core.environment:checking '/home/amir/Documents/R/robotics_ws/src/robotic_course/robot_description/src/robot_autonomy/robot_local_localization/install/robot_local_localization/bin'
[1.427s] Level 1:colcon.colcon_core.environment:checking '/home/amir/Documents/R/robotics_ws/src/robotic_course/robot_description/src/robot_autonomy/robot_local_localization/install/robot_local_localization/lib/pkgconfig/robot_local_localization.pc'
[1.428s] Level 1:colcon.colcon_core.environment:checking '/home/amir/Documents/R/robotics_ws/src/robotic_course/robot_description/src/robot_autonomy/robot_local_localization/install/robot_local_localization/lib/python3.10/site-packages'
[1.428s] Level 1:colcon.colcon_core.environment:checking '/home/amir/Documents/R/robotics_ws/src/robotic_course/robot_description/src/robot_autonomy/robot_local_localization/install/robot_local_localization/bin'
[1.428s] INFO:colcon.colcon_core.shell:Creating package script '/home/amir/Documents/R/robotics_ws/src/robotic_course/robot_description/src/robot_autonomy/robot_local_localization/install/robot_local_localization/share/robot_local_localization/package.ps1'
[1.429s] INFO:colcon.colcon_core.shell:Creating package descriptor '/home/amir/Documents/R/robotics_ws/src/robotic_course/robot_description/src/robot_autonomy/robot_local_localization/install/robot_local_localization/share/robot_local_localization/package.dsv'
[1.429s] INFO:colcon.colcon_core.shell:Creating package script '/home/amir/Documents/R/robotics_ws/src/robotic_course/robot_description/src/robot_autonomy/robot_local_localization/install/robot_local_localization/share/robot_local_localization/package.sh'
[1.430s] INFO:colcon.colcon_core.shell:Creating package script '/home/amir/Documents/R/robotics_ws/src/robotic_course/robot_description/src/robot_autonomy/robot_local_localization/install/robot_local_localization/share/robot_local_localization/package.bash'
[1.431s] INFO:colcon.colcon_core.shell:Creating package script '/home/amir/Documents/R/robotics_ws/src/robotic_course/robot_description/src/robot_autonomy/robot_local_localization/install/robot_local_localization/share/robot_local_localization/package.zsh'
[1.431s] Level 1:colcon.colcon_core.environment:create_file_with_runtime_dependencies(/home/amir/Documents/R/robotics_ws/src/robotic_course/robot_description/src/robot_autonomy/robot_local_localization/install/robot_local_localization/share/colcon-core/packages/robot_local_localization)
[1.441s] DEBUG:colcon.colcon_parallel_executor.executor.parallel:closing loop
[1.442s] DEBUG:colcon.colcon_parallel_executor.executor.parallel:loop closed
[1.442s] DEBUG:colcon.colcon_parallel_executor.executor.parallel:run_until_complete finished with '1'
[1.442s] DEBUG:colcon.colcon_core.event_reactor:joining thread
[1.450s] INFO:colcon.colcon_core.plugin_system:Skipping extension 'colcon_notification.desktop_notification.terminal_notifier': Not used on non-Darwin systems
[1.450s] INFO:colcon.colcon_core.plugin_system:Skipping extension 'colcon_notification.desktop_notification.win32': Not used on non-Windows systems
[1.450s] INFO:colcon.colcon_notification.desktop_notification:Sending desktop notification using 'notify2'
[1.463s] DEBUG:colcon.colcon_core.event_reactor:joined thread
[1.464s] INFO:colcon.colcon_core.shell:Creating prefix script '/home/amir/Documents/R/robotics_ws/src/robotic_course/robot_description/src/robot_autonomy/robot_local_localization/install/local_setup.ps1'
[1.465s] INFO:colcon.colcon_core.shell:Creating prefix util module '/home/amir/Documents/R/robotics_ws/src/robotic_course/robot_description/src/robot_autonomy/robot_local_localization/install/_local_setup_util_ps1.py'
[1.466s] INFO:colcon.colcon_core.shell:Creating prefix chain script '/home/amir/Documents/R/robotics_ws/src/robotic_course/robot_description/src/robot_autonomy/robot_local_localization/install/setup.ps1'
[1.467s] INFO:colcon.colcon_core.shell:Creating prefix script '/home/amir/Documents/R/robotics_ws/src/robotic_course/robot_description/src/robot_autonomy/robot_local_localization/install/local_setup.sh'
[1.468s] INFO:colcon.colcon_core.shell:Creating prefix util module '/home/amir/Documents/R/robotics_ws/src/robotic_course/robot_description/src/robot_autonomy/robot_local_localization/install/_local_setup_util_sh.py'
[1.468s] INFO:colcon.colcon_core.shell:Creating prefix chain script '/home/amir/Documents/R/robotics_ws/src/robotic_course/robot_description/src/robot_autonomy/robot_local_localization/install/setup.sh'
[1.469s] INFO:colcon.colcon_core.shell:Creating prefix script '/home/amir/Documents/R/robotics_ws/src/robotic_course/robot_description/src/robot_autonomy/robot_local_localization/install/local_setup.bash'
[1.469s] INFO:colcon.colcon_core.shell:Creating prefix chain script '/home/amir/Documents/R/robotics_ws/src/robotic_course/robot_description/src/robot_autonomy/robot_local_localization/install/setup.bash'
[1.470s] INFO:colcon.colcon_core.shell:Creating prefix script '/home/amir/Documents/R/robotics_ws/src/robotic_course/robot_description/src/robot_autonomy/robot_local_localization/install/local_setup.zsh'
[1.470s] INFO:colcon.colcon_core.shell:Creating prefix chain script '/home/amir/Documents/R/robotics_ws/src/robotic_course/robot_description/src/robot_autonomy/robot_local_localization/install/setup.zsh'
