[0.005s] Invoking command in '/home/amir/Documents/R/robotics_ws/build/robot_description': /usr/bin/cmake /home/amir/Documents/R/robotics_ws/src/robotic_course/robot_description -DAMENT_CMAKE_SYMLINK_INSTALL=1 -DCMAKE_INSTALL_PREFIX=/home/amir/Documents/R/robotics_ws/install/robot_description
[0.020s] -- Configuring incomplete, errors occurred!
[0.020s] See also "/home/amir/Documents/R/robotics_ws/build/robot_description/CMakeFiles/CMakeOutput.log".
[0.020s] [31mCMake Error at CMakeLists.txt:9 (find_package):
[0.020s]   By not providing "Findament_cmake.cmake" in CMAKE_MODULE_PATH this project
[0.021s]   has asked CMake to find a package configuration file provided by
[0.021s]   "ament_cmake", but CMake did not find one.
[0.021s] 
[0.021s]   Could not find a package configuration file provided by "ament_cmake" with
[0.021s]   any of the following names:
[0.021s] 
[0.021s]     ament_cmakeConfig.cmake
[0.021s]     ament_cmake-config.cmake
[0.021s] 
[0.021s]   Add the installation prefix of "ament_cmake" to CMAKE_PREFIX_PATH or set
[0.021s]   "ament_cmake_DIR" to a directory containing one of the above files.  If
[0.021s]   "ament_cmake" provides a separate development package or SDK, be sure it
[0.021s]   has been installed.
[0.021s] 
[0.021s] [0m
[0.022s] Invoked command in '/home/amir/Documents/R/robotics_ws/build/robot_description' returned '1': /usr/bin/cmake /home/amir/Documents/R/robotics_ws/src/robotic_course/robot_description -DAMENT_CMAKE_SYMLINK_INSTALL=1 -DCMAKE_INSTALL_PREFIX=/home/amir/Documents/R/robotics_ws/install/robot_description
