[0.028s] Invoking command in '/home/amir/Documents/R/robotics_ws/src/build/robot_description': CMAKE_PREFIX_PATH=${CMAKE_PREFIX_PATH}:/opt/ros/humble /usr/bin/cmake /home/amir/Documents/R/robotics_ws/src/robotic_course/robot_description -DAMENT_CMAKE_SYMLINK_INSTALL=1 -DCMAKE_INSTALL_PREFIX=/home/amir/Documents/R/robotics_ws/src/install/robot_description
[0.057s] -- Found ament_cmake: 1.3.12 (/opt/ros/humble/share/ament_cmake/cmake)
[0.376s] -- Override CMake install command with custom implementation using symlinks instead of copying resources
[0.389s] -- Found rclcpp: 16.0.15 (/opt/ros/humble/share/rclcpp/cmake)
[0.443s] -- Found rosidl_generator_c: 3.1.7 (/opt/ros/humble/share/rosidl_generator_c/cmake)
[0.448s] -- Found rosidl_adapter: 3.1.7 (/opt/ros/humble/share/rosidl_adapter/cmake)
[0.458s] -- Found rosidl_generator_cpp: 3.1.7 (/opt/ros/humble/share/rosidl_generator_cpp/cmake)
[0.475s] -- Using all available rosidl_typesupport_c: rosidl_typesupport_fastrtps_c;rosidl_typesupport_introspection_c
[0.496s] -- Using all available rosidl_typesupport_cpp: rosidl_typesupport_fastrtps_cpp;rosidl_typesupport_introspection_cpp
[0.554s] -- Found rmw_implementation_cmake: 6.1.2 (/opt/ros/humble/share/rmw_implementation_cmake/cmake)
[0.557s] -- Found rmw_fastrtps_cpp: 6.2.8 (/opt/ros/humble/share/rmw_fastrtps_cpp/cmake)
[0.774s] -- Using RMW implementation 'rmw_fastrtps_cpp' as default
[0.864s] -- Found sensor_msgs: 4.9.0 (/opt/ros/humble/share/sensor_msgs/cmake)
[0.914s] -- Found nav_msgs: 4.9.0 (/opt/ros/humble/share/nav_msgs/cmake)
[0.950s] -- Found std_srvs: 4.9.0 (/opt/ros/humble/share/std_srvs/cmake)
[0.966s] -- Found tf2: 0.25.16 (/opt/ros/humble/share/tf2/cmake)
[0.974s] -- Found tf2_ros: 0.25.16 (/opt/ros/humble/share/tf2_ros/cmake)
[1.120s] -- Found ament_lint_auto: 0.12.14 (/opt/ros/humble/share/ament_lint_auto/cmake)
[1.345s] -- Added test 'cppcheck' to perform static code analysis on C / C++ code
[1.346s] -- Configured cppcheck include dirs: 
[1.346s] -- Configured cppcheck exclude dirs and/or files: 
[1.355s] -- Added test 'flake8' to check Python code syntax and style conventions
[1.369s] -- Added test 'lint_cmake' to check CMake code style
[1.378s] -- Added test 'pep257' to check Python code against some of the docstring style conventions in PEP 257
[1.430s] -- Added test 'uncrustify' to check C / C++ code style
[1.431s] -- Configured uncrustify additional arguments: 
[1.440s] -- Added test 'xmllint' to check XML markup files
[1.443s] -- Configuring done
[1.475s] -- Generating done
[1.488s] -- Build files have been written to: /home/amir/Documents/R/robotics_ws/src/build/robot_description
