[0.006s] Invoking command in '/home/amir/Documents/R/robotics_ws/build/robot_description': CMAKE_PREFIX_PATH=/opt/ros/humble /usr/bin/cmake /home/amir/Documents/R/robotics_ws/src/robotic_course/robot_description -DAMENT_CMAKE_SYMLINK_INSTALL=1 -DCMAKE_INSTALL_PREFIX=/home/amir/Documents/R/robotics_ws/install/robot_description
[0.016s] -- Found ament_cmake: 1.3.12 (/opt/ros/humble/share/ament_cmake/cmake)
[0.121s] -- Found Python3: /usr/bin/python3 (found version "3.10.12") found components: Interpreter 
[0.167s] -- Override CMake install command with custom implementation using symlinks instead of copying resources
[0.275s] -- Found rclcpp: 16.0.15 (/opt/ros/humble/share/rclcpp/cmake)
[0.312s] -- Found rosidl_generator_c: 3.1.7 (/opt/ros/humble/share/rosidl_generator_c/cmake)
[0.316s] -- Found rosidl_adapter: 3.1.7 (/opt/ros/humble/share/rosidl_adapter/cmake)
[0.322s] -- Found rosidl_generator_cpp: 3.1.7 (/opt/ros/humble/share/rosidl_generator_cpp/cmake)
[0.334s] -- Using all available rosidl_typesupport_c: rosidl_typesupport_fastrtps_c;rosidl_typesupport_introspection_c
[0.347s] -- Using all available rosidl_typesupport_cpp: rosidl_typesupport_fastrtps_cpp;rosidl_typesupport_introspection_cpp
[0.380s] -- Found rmw_implementation_cmake: 6.1.2 (/opt/ros/humble/share/rmw_implementation_cmake/cmake)
[0.382s] -- Found rmw_fastrtps_cpp: 6.2.8 (/opt/ros/humble/share/rmw_fastrtps_cpp/cmake)
[0.441s] -- Found OpenSSL: /usr/lib/x86_64-linux-gnu/libcrypto.so (found version "3.0.2")  
[0.465s] -- Found FastRTPS: /opt/ros/humble/include  
[0.491s] -- Using RMW implementation 'rmw_fastrtps_cpp' as default
[0.498s] -- Looking for pthread.h
[0.577s] -- Looking for pthread.h - found
[0.577s] -- Performing Test CMAKE_HAVE_LIBC_PTHREAD
[0.639s] -- Performing Test CMAKE_HAVE_LIBC_PTHREAD - Success
[0.639s] -- Found Threads: TRUE  
[0.679s] -- Found sensor_msgs: 4.9.0 (/opt/ros/humble/share/sensor_msgs/cmake)
[0.702s] -- Found nav_msgs: 4.9.0 (/opt/ros/humble/share/nav_msgs/cmake)
[0.715s] -- Found std_srvs: 4.9.0 (/opt/ros/humble/share/std_srvs/cmake)
[0.724s] -- Found tf2: 0.25.16 (/opt/ros/humble/share/tf2/cmake)
[0.737s] -- Found tf2_ros: 0.25.16 (/opt/ros/humble/share/tf2_ros/cmake)
[0.806s] -- Found ament_lint_auto: 0.12.14 (/opt/ros/humble/share/ament_lint_auto/cmake)
[0.893s] -- Added test 'cppcheck' to perform static code analysis on C / C++ code
[0.894s] -- Configured cppcheck include dirs: 
[0.894s] -- Configured cppcheck exclude dirs and/or files: 
[0.894s] -- Added test 'flake8' to check Python code syntax and style conventions
[0.895s] -- Added test 'lint_cmake' to check CMake code style
[0.895s] -- Added test 'pep257' to check Python code against some of the docstring style conventions in PEP 257
[0.896s] -- Added test 'uncrustify' to check C / C++ code style
[0.896s] -- Configured uncrustify additional arguments: 
[0.897s] -- Added test 'xmllint' to check XML markup files
[0.898s] -- Configuring done
[0.910s] -- Generating done
[0.915s] -- Build files have been written to: /home/amir/Documents/R/robotics_ws/build/robot_description
[0.920s] Invoked command in '/home/amir/Documents/R/robotics_ws/build/robot_description' returned '0': CMAKE_PREFIX_PATH=/opt/ros/humble /usr/bin/cmake /home/amir/Documents/R/robotics_ws/src/robotic_course/robot_description -DAMENT_CMAKE_SYMLINK_INSTALL=1 -DCMAKE_INSTALL_PREFIX=/home/amir/Documents/R/robotics_ws/install/robot_description
[0.922s] Invoking command in '/home/amir/Documents/R/robotics_ws/build/robot_description': CMAKE_PREFIX_PATH=/opt/ros/humble /usr/bin/cmake --build /home/amir/Documents/R/robotics_ws/build/robot_description -- -j8 -l8
[0.955s] [ 50%] [32mBuilding CXX object CMakeFiles/motor_command_node.dir/scripts/motor_command.cpp.o[0m
[0.955s] [ 50%] [32mBuilding CXX object CMakeFiles/frame_id_converter_node.dir/scripts/frame_id_converter.cpp.o[0m
[0.955s] [ 50%] [32mBuilding CXX object CMakeFiles/ekf_diff_imu_node.dir/scripts/ekf_diff_imu.cpp.o[0m
[7.404s] [ 66%] [32m[1mLinking CXX executable frame_id_converter_node[0m
[7.442s] [ 83%] [32m[1mLinking CXX executable motor_command_node[0m
[7.778s] [ 83%] Built target motor_command_node
[7.785s] [ 83%] Built target frame_id_converter_node
[11.321s] [100%] [32m[1mLinking CXX executable ekf_diff_imu_node[0m
[11.859s] [100%] Built target ekf_diff_imu_node
[11.866s] Invoked command in '/home/amir/Documents/R/robotics_ws/build/robot_description' returned '0': CMAKE_PREFIX_PATH=/opt/ros/humble /usr/bin/cmake --build /home/amir/Documents/R/robotics_ws/build/robot_description -- -j8 -l8
[11.873s] Invoking command in '/home/amir/Documents/R/robotics_ws/build/robot_description': CMAKE_PREFIX_PATH=/opt/ros/humble /usr/bin/cmake --install /home/amir/Documents/R/robotics_ws/build/robot_description
[11.878s] -- Install configuration: ""
[11.879s] -- Execute custom install script
[11.879s] -- Symlinking: /home/amir/Documents/R/robotics_ws/install/robot_description/share/robot_description/src/description/robot.urdf
[11.884s] -- Symlinking: /home/amir/Documents/R/robotics_ws/install/robot_description/share/robot_description/src/meshes/Front_Left_Caster_Wheel_Main.STL
[11.891s] -- Symlinking: /home/amir/Documents/R/robotics_ws/install/robot_description/share/robot_description/src/meshes/Front_Right_Caster_Wheel_Main.STL
[11.896s] -- Symlinking: /home/amir/Documents/R/robotics_ws/install/robot_description/share/robot_description/src/meshes/Rear_Left_Caster_Wheel_Main.STL
[11.902s] -- Symlinking: /home/amir/Documents/R/robotics_ws/install/robot_description/share/robot_description/src/meshes/Rear_Right_Caster_Wheel_Main.STL
[11.908s] -- Symlinking: /home/amir/Documents/R/robotics_ws/install/robot_description/share/robot_description/src/meshes/Rear_Trailing.STL
[11.914s] -- Symlinking: /home/amir/Documents/R/robotics_ws/install/robot_description/share/robot_description/src/meshes/chasis.STL
[11.920s] -- Symlinking: /home/amir/Documents/R/robotics_ws/install/robot_description/share/robot_description/src/meshes/wheel.STL
[11.925s] -- Symlinking: /home/amir/Documents/R/robotics_ws/install/robot_description/share/robot_description/src/meshes/wheel.usd
[11.931s] -- Symlinking: /home/amir/Documents/R/robotics_ws/install/robot_description/share/robot_description/src/meshes/zed.STL
[11.936s] -- Symlinking: /home/amir/Documents/R/robotics_ws/install/robot_description/share/robot_description/launch/display.launch.py
[11.942s] -- Symlinking: /home/amir/Documents/R/robotics_ws/install/robot_description/share/robot_description/launch/gazebo.launch.py
[11.948s] -- Symlinking: /home/amir/Documents/R/robotics_ws/install/robot_description/share/robot_description/rviz/config.rviz
[11.954s] -- Symlinking: /home/amir/Documents/R/robotics_ws/install/robot_description/share/robot_description/config/gz_bridge.yaml
[11.959s] -- Symlinking: /home/amir/Documents/R/robotics_ws/install/robot_description/share/robot_description/config/rtabmap_slam.yaml
[11.965s] -- Symlinking: /home/amir/Documents/R/robotics_ws/install/robot_description/share/robot_description/world/depot.sdf
[11.971s] -- Symlinking: /home/amir/Documents/R/robotics_ws/install/robot_description/share/robot_description/world/test.sdf
[11.977s] -- Symlinking: /home/amir/Documents/R/robotics_ws/install/robot_description/share/robot_description/scripts/ekf_diff_imu.cpp
[11.982s] -- Symlinking: /home/amir/Documents/R/robotics_ws/install/robot_description/share/robot_description/scripts/frame_id_converter.cpp
[11.988s] -- Symlinking: /home/amir/Documents/R/robotics_ws/install/robot_description/share/robot_description/scripts/motor_command.cpp
[11.993s] -- Symlinking: /home/amir/Documents/R/robotics_ws/install/robot_description/lib/robot_description/frame_id_converter_node
[11.998s] -- Symlinking: /home/amir/Documents/R/robotics_ws/install/robot_description/lib/robot_description/ekf_diff_imu_node
[12.004s] -- Symlinking: /home/amir/Documents/R/robotics_ws/install/robot_description/lib/robot_description/motor_command_node
[12.010s] -- Symlinking: /home/amir/Documents/R/robotics_ws/install/robot_description/share/ament_index/resource_index/package_run_dependencies/robot_description
[12.015s] -- Symlinking: /home/amir/Documents/R/robotics_ws/install/robot_description/share/ament_index/resource_index/parent_prefix_path/robot_description
[12.021s] -- Symlinking: /home/amir/Documents/R/robotics_ws/install/robot_description/share/robot_description/environment/ament_prefix_path.sh
[12.026s] -- Symlinking: /home/amir/Documents/R/robotics_ws/install/robot_description/share/robot_description/environment/ament_prefix_path.dsv
[12.032s] -- Symlinking: /home/amir/Documents/R/robotics_ws/install/robot_description/share/robot_description/environment/path.sh
[12.037s] -- Symlinking: /home/amir/Documents/R/robotics_ws/install/robot_description/share/robot_description/environment/path.dsv
[12.043s] -- Symlinking: /home/amir/Documents/R/robotics_ws/install/robot_description/share/robot_description/local_setup.bash
[12.048s] -- Symlinking: /home/amir/Documents/R/robotics_ws/install/robot_description/share/robot_description/local_setup.sh
[12.055s] -- Symlinking: /home/amir/Documents/R/robotics_ws/install/robot_description/share/robot_description/local_setup.zsh
[12.061s] -- Symlinking: /home/amir/Documents/R/robotics_ws/install/robot_description/share/robot_description/local_setup.dsv
[12.066s] -- Symlinking: /home/amir/Documents/R/robotics_ws/install/robot_description/share/robot_description/package.dsv
[12.072s] -- Symlinking: /home/amir/Documents/R/robotics_ws/install/robot_description/share/ament_index/resource_index/packages/robot_description
[12.078s] -- Symlinking: /home/amir/Documents/R/robotics_ws/install/robot_description/share/robot_description/cmake/robot_descriptionConfig.cmake
[12.084s] -- Symlinking: /home/amir/Documents/R/robotics_ws/install/robot_description/share/robot_description/cmake/robot_descriptionConfig-version.cmake
[12.089s] -- Symlinking: /home/amir/Documents/R/robotics_ws/install/robot_description/share/robot_description/package.xml
[12.096s] Invoked command in '/home/amir/Documents/R/robotics_ws/build/robot_description' returned '0': CMAKE_PREFIX_PATH=/opt/ros/humble /usr/bin/cmake --install /home/amir/Documents/R/robotics_ws/build/robot_description
