[0.005s] Invoking command in '/home/amir/Documents/R/robotics_ws/build/robot_description': /usr/bin/cmake /home/amir/Documents/R/robotics_ws/src/robotic_course/robot_description -DAMENT_CMAKE_SYMLINK_INSTALL=1 -DCMAKE_INSTALL_PREFIX=/home/amir/Documents/R/robotics_ws/install/robot_description
[0.123s] -- The C compiler identification is GNU 11.4.0
[0.207s] -- The CXX compiler identification is GNU 11.4.0
[0.213s] -- Detecting C compiler ABI info
[0.278s] -- Detecting C compiler ABI info - done
[0.286s] -- Check for working C compiler: /usr/bin/cc - skipped
[0.287s] -- Detecting C compile features
[0.287s] -- Detecting C compile features - done
[0.291s] -- Detecting CXX compiler ABI info
[0.345s] -- Detecting CXX compiler ABI info - done
[0.351s] -- Check for working CXX compiler: /usr/bin/c++ - skipped
[0.351s] -- Detecting CXX compile features
[0.351s] -- Detecting CXX compile features - done
[0.360s] [31mCMake Error at CMakeLists.txt:9 (find_package):
[0.360s]   By not providing "Findament_cmake.cmake" in CMAKE_MODULE_PATH this project
[0.360s]   has asked CMake to find a package configuration file provided by
[0.360s]   "ament_cmake", but CMake did not find one.
[0.360s] 
[0.360s]   Could not find a package configuration file provided by "ament_cmake" with
[0.360s]   any of the following names:
[0.360s] 
[0.360s]     ament_cmakeConfig.cmake
[0.360s]     ament_cmake-config.cmake
[0.360s] 
[0.360s]   Add the installation prefix of "ament_cmake" to CMAKE_PREFIX_PATH or set
[0.360s]   "ament_cmake_DIR" to a directory containing one of the above files.  If
[0.360s]   "ament_cmake" provides a separate development package or SDK, be sure it
[0.360s]   has been installed.
[0.360s] 
[0.361s] [0m
[0.361s] -- Configuring incomplete, errors occurred!
[0.361s] See also "/home/amir/Documents/R/robotics_ws/build/robot_description/CMakeFiles/CMakeOutput.log".
[0.362s] Invoked command in '/home/amir/Documents/R/robotics_ws/build/robot_description' returned '1': /usr/bin/cmake /home/amir/Documents/R/robotics_ws/src/robotic_course/robot_description -DAMENT_CMAKE_SYMLINK_INSTALL=1 -DCMAKE_INSTALL_PREFIX=/home/amir/Documents/R/robotics_ws/install/robot_description
