[0.029s] Invoking command in '/home/amir/Documents/R/robotics_ws/src/build/robot_local_localization': CMAKE_PREFIX_PATH=${CMAKE_PREFIX_PATH}:/opt/ros/humble /usr/bin/cmake /home/amir/Documents/R/robotics_ws/src/robot_autonomy/robot_local_localization -DAMENT_CMAKE_SYMLINK_INSTALL=1 -DCMAKE_INSTALL_PREFIX=/home/amir/Documents/R/robotics_ws/src/install/robot_local_localization
[0.052s] -- Found ament_cmake: 1.3.12 (/opt/ros/humble/share/ament_cmake/cmake)
[0.365s] -- Override CMake install command with custom implementation using symlinks instead of copying resources
[0.408s] [31mCMake Error at CMakeLists.txt:11 (find_package):
[0.408s]   By not providing "Findament_python.cmake" in CMAKE_MODULE_PATH this project
[0.408s]   has asked CMake to find a package configuration file provided by
[0.408s]   "ament_python", but CMake did not find one.
[0.408s] 
[0.408s]   Could not find a package configuration file provided by "ament_python" with
[0.408s]   any of the following names:
[0.409s] 
[0.409s]     ament_pythonConfig.cmake
[0.409s]     ament_python-config.cmake
[0.409s] 
[0.409s]   Add the installation prefix of "ament_python" to CMAKE_PREFIX_PATH or set
[0.409s]   "ament_python_DIR" to a directory containing one of the above files.  If
[0.409s]   "ament_python" provides a separate development package or SDK, be sure it
[0.409s]   has been installed.
[0.409s] 
[0.410s] [0m
[0.410s] -- Configuring incomplete, errors occurred!
[0.410s] See also "/home/amir/Documents/R/robotics_ws/src/build/robot_local_localization/CMakeFiles/CMakeOutput.log".
[0.413s] Invoked command in '/home/amir/Documents/R/robotics_ws/src/build/robot_local_localization' returned '1': CMAKE_PREFIX_PATH=${CMAKE_PREFIX_PATH}:/opt/ros/humble /usr/bin/cmake /home/amir/Documents/R/robotics_ws/src/robot_autonomy/robot_local_localization -DAMENT_CMAKE_SYMLINK_INSTALL=1 -DCMAKE_INSTALL_PREFIX=/home/amir/Documents/R/robotics_ws/src/install/robot_local_localization
