[0.011s] Invoking command in '/home/amir/Documents/R/robotics_ws/build/robot_description': CMAKE_PREFIX_PATH=${CMAKE_PREFIX_PATH}:/opt/ros/humble /usr/bin/cmake /home/amir/Documents/R/robotics_ws/src/robotic_course/robot_description -DAMENT_CMAKE_SYMLINK_INSTALL=1 -DCMAKE_INSTALL_PREFIX=/home/amir/Documents/R/robotics_ws/install/robot_description
[0.019s] -- Found ament_cmake: 1.3.12 (/opt/ros/humble/share/ament_cmake/cmake)
[0.101s] -- Override CMake install command with custom implementation using symlinks instead of copying resources
[0.105s] -- Found rclcpp: 16.0.15 (/opt/ros/humble/share/rclcpp/cmake)
[0.124s] -- Found rosidl_generator_c: 3.1.7 (/opt/ros/humble/share/rosidl_generator_c/cmake)
[0.125s] -- Found rosidl_adapter: 3.1.7 (/opt/ros/humble/share/rosidl_adapter/cmake)
[0.129s] -- Found rosidl_generator_cpp: 3.1.7 (/opt/ros/humble/share/rosidl_generator_cpp/cmake)
[0.135s] -- Using all available rosidl_typesupport_c: rosidl_typesupport_fastrtps_c;rosidl_typesupport_introspection_c
[0.143s] -- Using all available rosidl_typesupport_cpp: rosidl_typesupport_fastrtps_cpp;rosidl_typesupport_introspection_cpp
[0.163s] -- Found rmw_implementation_cmake: 6.1.2 (/opt/ros/humble/share/rmw_implementation_cmake/cmake)
[0.164s] -- Found rmw_fastrtps_cpp: 6.2.8 (/opt/ros/humble/share/rmw_fastrtps_cpp/cmake)
[0.232s] -- Using RMW implementation 'rmw_fastrtps_cpp' as default
[0.264s] -- Found sensor_msgs: 4.9.0 (/opt/ros/humble/share/sensor_msgs/cmake)
[0.282s] -- Found nav_msgs: 4.9.0 (/opt/ros/humble/share/nav_msgs/cmake)
[0.292s] -- Found std_srvs: 4.9.0 (/opt/ros/humble/share/std_srvs/cmake)
[0.298s] -- Found tf2: 0.25.16 (/opt/ros/humble/share/tf2/cmake)
[0.300s] -- Found tf2_ros: 0.25.16 (/opt/ros/humble/share/tf2_ros/cmake)
[0.355s] -- Found ament_lint_auto: 0.12.14 (/opt/ros/humble/share/ament_lint_auto/cmake)
[0.402s] -- Added test 'cppcheck' to perform static code analysis on C / C++ code
[0.402s] -- Configured cppcheck include dirs: 
[0.402s] -- Configured cppcheck exclude dirs and/or files: 
[0.402s] -- Added test 'flake8' to check Python code syntax and style conventions
[0.403s] -- Added test 'lint_cmake' to check CMake code style
[0.403s] -- Added test 'pep257' to check Python code against some of the docstring style conventions in PEP 257
[0.404s] -- Added test 'uncrustify' to check C / C++ code style
[0.404s] -- Configured uncrustify additional arguments: 
[0.405s] -- Added test 'xmllint' to check XML markup files
[0.405s] -- Configuring done
[0.419s] -- Generating done
[0.425s] -- Build files have been written to: /home/amir/Documents/R/robotics_ws/build/robot_description
[0.431s] Invoked command in '/home/amir/Documents/R/robotics_ws/build/robot_description' returned '0': CMAKE_PREFIX_PATH=${CMAKE_PREFIX_PATH}:/opt/ros/humble /usr/bin/cmake /home/amir/Documents/R/robotics_ws/src/robotic_course/robot_description -DAMENT_CMAKE_SYMLINK_INSTALL=1 -DCMAKE_INSTALL_PREFIX=/home/amir/Documents/R/robotics_ws/install/robot_description
[0.432s] Invoking command in '/home/amir/Documents/R/robotics_ws/build/robot_description': CMAKE_PREFIX_PATH=${CMAKE_PREFIX_PATH}:/opt/ros/humble /usr/bin/cmake --build /home/amir/Documents/R/robotics_ws/build/robot_description -- -j8 -l8
[0.459s] [35m[1mConsolidate compiler generated dependencies of target frame_id_converter_node[0m
[0.459s] [35m[1mConsolidate compiler generated dependencies of target motor_command_node[0m
[0.459s] [35m[1mConsolidate compiler generated dependencies of target ekf_diff_imu_node[0m
[0.465s] [ 12%] [32mBuilding CXX object CMakeFiles/diff_drive_controller_node.dir/src/diff_drive_controller.cpp.o[0m
[0.472s] [ 37%] Built target frame_id_converter_node
[0.472s] [ 62%] Built target motor_command_node
[0.473s] [ 87%] Built target ekf_diff_imu_node
[6.025s] [100%] [32m[1mLinking CXX executable diff_drive_controller_node[0m
[6.302s] [100%] Built target diff_drive_controller_node
[6.310s] Invoked command in '/home/amir/Documents/R/robotics_ws/build/robot_description' returned '0': CMAKE_PREFIX_PATH=${CMAKE_PREFIX_PATH}:/opt/ros/humble /usr/bin/cmake --build /home/amir/Documents/R/robotics_ws/build/robot_description -- -j8 -l8
[6.316s] Invoking command in '/home/amir/Documents/R/robotics_ws/build/robot_description': CMAKE_PREFIX_PATH=${CMAKE_PREFIX_PATH}:/opt/ros/humble /usr/bin/cmake --install /home/amir/Documents/R/robotics_ws/build/robot_description
[6.321s] -- Install configuration: ""
[6.321s] -- Execute custom install script
[6.321s] -- Symlinking: /home/amir/Documents/R/robotics_ws/install/robot_description/lib/robot_description/diff_drive_controller_node
[6.328s] -- Up-to-date symlink: /home/amir/Documents/R/robotics_ws/install/robot_description/share/robot_description/src/description/robot.urdf
[6.328s] -- Symlinking: /home/amir/Documents/R/robotics_ws/install/robot_description/share/robot_description/src/diff_drive_controller.cpp
[6.334s] -- Up-to-date symlink: /home/amir/Documents/R/robotics_ws/install/robot_description/share/robot_description/src/meshes/Front_Left_Caster_Wheel_Main.STL
[6.334s] -- Up-to-date symlink: /home/amir/Documents/R/robotics_ws/install/robot_description/share/robot_description/src/meshes/Front_Right_Caster_Wheel_Main.STL
[6.334s] -- Up-to-date symlink: /home/amir/Documents/R/robotics_ws/install/robot_description/share/robot_description/src/meshes/Rear_Left_Caster_Wheel_Main.STL
[6.334s] -- Up-to-date symlink: /home/amir/Documents/R/robotics_ws/install/robot_description/share/robot_description/src/meshes/Rear_Right_Caster_Wheel_Main.STL
[6.334s] -- Up-to-date symlink: /home/amir/Documents/R/robotics_ws/install/robot_description/share/robot_description/src/meshes/Rear_Trailing.STL
[6.334s] -- Up-to-date symlink: /home/amir/Documents/R/robotics_ws/install/robot_description/share/robot_description/src/meshes/chasis.STL
[6.334s] -- Up-to-date symlink: /home/amir/Documents/R/robotics_ws/install/robot_description/share/robot_description/src/meshes/wheel.STL
[6.334s] -- Up-to-date symlink: /home/amir/Documents/R/robotics_ws/install/robot_description/share/robot_description/src/meshes/wheel.usd
[6.334s] -- Up-to-date symlink: /home/amir/Documents/R/robotics_ws/install/robot_description/share/robot_description/src/meshes/zed.STL
[6.335s] -- Symlinking: /home/amir/Documents/R/robotics_ws/install/robot_description/share/robot_description/src/robot_autonomy/robot_local_localization/CMakeLists.txt
[6.340s] -- Symlinking: /home/amir/Documents/R/robotics_ws/install/robot_description/share/robot_description/src/robot_autonomy/robot_local_localization/package.xml
[6.347s] -- Symlinking: /home/amir/Documents/R/robotics_ws/install/robot_description/share/robot_description/src/robot_autonomy/robot_local_localization/robot_local_localization/__init__.py
[6.352s] -- Symlinking: /home/amir/Documents/R/robotics_ws/install/robot_description/share/robot_description/src/robot_autonomy/robot_local_localization/robot_local_localization/ekf_node.py
[6.358s] -- Symlinking: /home/amir/Documents/R/robotics_ws/install/robot_description/share/robot_description/src/robot_autonomy/robot_local_localization/robot_local_localization/measurement_node.py
[6.363s] -- Symlinking: /home/amir/Documents/R/robotics_ws/install/robot_description/share/robot_description/src/robot_autonomy/robot_local_localization/robot_local_localization/prediction_node.py
[6.369s] -- Symlinking: /home/amir/Documents/R/robotics_ws/install/robot_description/share/robot_description/src/robot_autonomy/robot_local_localization/robot_local_localization/test_node.py
[6.374s] -- Symlinking: /home/amir/Documents/R/robotics_ws/install/robot_description/share/robot_description/src/robot_autonomy/robot_local_localization/setup.py
[6.380s] -- Up-to-date symlink: /home/amir/Documents/R/robotics_ws/install/robot_description/share/robot_description/launch/display.launch.py
[6.380s] -- Up-to-date symlink: /home/amir/Documents/R/robotics_ws/install/robot_description/share/robot_description/launch/gazebo.launch.py
[6.380s] -- Up-to-date symlink: /home/amir/Documents/R/robotics_ws/install/robot_description/share/robot_description/rviz/config.rviz
[6.380s] -- Up-to-date symlink: /home/amir/Documents/R/robotics_ws/install/robot_description/share/robot_description/config/gz_bridge.yaml
[6.380s] -- Up-to-date symlink: /home/amir/Documents/R/robotics_ws/install/robot_description/share/robot_description/config/rtabmap_slam.yaml
[6.380s] -- Up-to-date symlink: /home/amir/Documents/R/robotics_ws/install/robot_description/share/robot_description/world/depot.sdf
[6.380s] -- Up-to-date symlink: /home/amir/Documents/R/robotics_ws/install/robot_description/share/robot_description/world/test.sdf
[6.381s] -- Up-to-date symlink: /home/amir/Documents/R/robotics_ws/install/robot_description/share/robot_description/scripts/ekf_diff_imu.cpp
[6.381s] -- Up-to-date symlink: /home/amir/Documents/R/robotics_ws/install/robot_description/share/robot_description/scripts/frame_id_converter.cpp
[6.381s] -- Up-to-date symlink: /home/amir/Documents/R/robotics_ws/install/robot_description/share/robot_description/scripts/motor_command.cpp
[6.381s] -- Up-to-date symlink: /home/amir/Documents/R/robotics_ws/install/robot_description/lib/robot_description/frame_id_converter_node
[6.381s] -- Up-to-date symlink: /home/amir/Documents/R/robotics_ws/install/robot_description/lib/robot_description/ekf_diff_imu_node
[6.381s] -- Up-to-date symlink: /home/amir/Documents/R/robotics_ws/install/robot_description/lib/robot_description/motor_command_node
[6.381s] -- Up-to-date symlink: /home/amir/Documents/R/robotics_ws/install/robot_description/share/ament_index/resource_index/package_run_dependencies/robot_description
[6.381s] -- Up-to-date symlink: /home/amir/Documents/R/robotics_ws/install/robot_description/share/ament_index/resource_index/parent_prefix_path/robot_description
[6.381s] -- Up-to-date symlink: /home/amir/Documents/R/robotics_ws/install/robot_description/share/robot_description/environment/ament_prefix_path.sh
[6.381s] -- Up-to-date symlink: /home/amir/Documents/R/robotics_ws/install/robot_description/share/robot_description/environment/ament_prefix_path.dsv
[6.382s] -- Up-to-date symlink: /home/amir/Documents/R/robotics_ws/install/robot_description/share/robot_description/environment/path.sh
[6.382s] -- Up-to-date symlink: /home/amir/Documents/R/robotics_ws/install/robot_description/share/robot_description/environment/path.dsv
[6.382s] -- Up-to-date symlink: /home/amir/Documents/R/robotics_ws/install/robot_description/share/robot_description/local_setup.bash
[6.382s] -- Up-to-date symlink: /home/amir/Documents/R/robotics_ws/install/robot_description/share/robot_description/local_setup.sh
[6.382s] -- Up-to-date symlink: /home/amir/Documents/R/robotics_ws/install/robot_description/share/robot_description/local_setup.zsh
[6.382s] -- Up-to-date symlink: /home/amir/Documents/R/robotics_ws/install/robot_description/share/robot_description/local_setup.dsv
[6.382s] -- Symlinking: /home/amir/Documents/R/robotics_ws/install/robot_description/share/robot_description/package.dsv
[6.388s] -- Up-to-date symlink: /home/amir/Documents/R/robotics_ws/install/robot_description/share/ament_index/resource_index/packages/robot_description
[6.388s] -- Up-to-date symlink: /home/amir/Documents/R/robotics_ws/install/robot_description/share/robot_description/cmake/robot_descriptionConfig.cmake
[6.388s] -- Up-to-date symlink: /home/amir/Documents/R/robotics_ws/install/robot_description/share/robot_description/cmake/robot_descriptionConfig-version.cmake
[6.388s] -- Up-to-date symlink: /home/amir/Documents/R/robotics_ws/install/robot_description/share/robot_description/package.xml
[6.390s] Invoked command in '/home/amir/Documents/R/robotics_ws/build/robot_description' returned '0': CMAKE_PREFIX_PATH=${CMAKE_PREFIX_PATH}:/opt/ros/humble /usr/bin/cmake --install /home/amir/Documents/R/robotics_ws/build/robot_description
