[0.027s] Invoking command in '/home/amir/Documents/R/robotics_ws/src/build/robot_description': CMAKE_PREFIX_PATH=${CMAKE_PREFIX_PATH}:/opt/ros/humble /usr/bin/cmake /home/amir/Documents/R/robotics_ws/src/robotic_course/robot_description -DAMENT_CMAKE_SYMLINK_INSTALL=1 -DCMAKE_INSTALL_PREFIX=/home/amir/Documents/R/robotics_ws/src/install/robot_description
[0.152s] -- The C compiler identification is GNU 11.4.0
[0.305s] -- The CXX compiler identification is GNU 11.4.0
[0.329s] -- Detecting C compiler ABI info
[0.480s] -- Detecting C compiler ABI info - done
[0.505s] -- Check for working C compiler: /usr/bin/cc - skipped
[0.506s] -- Detecting C compile features
[0.507s] -- Detecting C compile features - done
[0.513s] -- Detecting CXX compiler ABI info
[0.675s] -- Detecting CXX compiler ABI info - done
[0.697s] -- Check for working CXX compiler: /usr/bin/c++ - skipped
[0.698s] -- Detecting CXX compile features
[0.698s] -- Detecting CXX compile features - done
[0.703s] -- Found ament_cmake: 1.3.12 (/opt/ros/humble/share/ament_cmake/cmake)
[1.058s] -- Found Python3: /usr/bin/python3 (found version "3.10.12") found components: Interpreter 
[1.189s] -- Override CMake install command with custom implementation using symlinks instead of copying resources
[1.251s] -- Found rclcpp: 16.0.15 (/opt/ros/humble/share/rclcpp/cmake)
[1.329s] -- Found rosidl_generator_c: 3.1.7 (/opt/ros/humble/share/rosidl_generator_c/cmake)
[1.345s] -- Found rosidl_adapter: 3.1.7 (/opt/ros/humble/share/rosidl_adapter/cmake)
[1.365s] -- Found rosidl_generator_cpp: 3.1.7 (/opt/ros/humble/share/rosidl_generator_cpp/cmake)
[1.386s] -- Using all available rosidl_typesupport_c: rosidl_typesupport_fastrtps_c;rosidl_typesupport_introspection_c
[1.415s] -- Using all available rosidl_typesupport_cpp: rosidl_typesupport_fastrtps_cpp;rosidl_typesupport_introspection_cpp
[1.492s] -- Found rmw_implementation_cmake: 6.1.2 (/opt/ros/humble/share/rmw_implementation_cmake/cmake)
[1.496s] -- Found rmw_fastrtps_cpp: 6.2.8 (/opt/ros/humble/share/rmw_fastrtps_cpp/cmake)
[1.668s] -- Found OpenSSL: /usr/lib/x86_64-linux-gnu/libcrypto.so (found version "3.0.2")  
[1.723s] -- Found FastRTPS: /opt/ros/humble/include  
[1.811s] -- Using RMW implementation 'rmw_fastrtps_cpp' as default
[1.825s] -- Looking for pthread.h
[1.970s] -- Looking for pthread.h - found
[1.971s] -- Performing Test CMAKE_HAVE_LIBC_PTHREAD
[2.117s] -- Performing Test CMAKE_HAVE_LIBC_PTHREAD - Success
[2.121s] -- Found Threads: TRUE  
[2.229s] -- Found sensor_msgs: 4.9.0 (/opt/ros/humble/share/sensor_msgs/cmake)
[2.291s] -- Found nav_msgs: 4.9.0 (/opt/ros/humble/share/nav_msgs/cmake)
[2.326s] -- Found std_srvs: 4.9.0 (/opt/ros/humble/share/std_srvs/cmake)
[2.354s] -- Found tf2: 0.25.16 (/opt/ros/humble/share/tf2/cmake)
[2.388s] -- Found tf2_ros: 0.25.16 (/opt/ros/humble/share/tf2_ros/cmake)
[2.570s] -- Found ament_lint_auto: 0.12.14 (/opt/ros/humble/share/ament_lint_auto/cmake)
[2.778s] -- Added test 'cppcheck' to perform static code analysis on C / C++ code
[2.778s] -- Configured cppcheck include dirs: 
[2.779s] -- Configured cppcheck exclude dirs and/or files: 
[2.785s] -- Added test 'flake8' to check Python code syntax and style conventions
[2.795s] -- Added test 'lint_cmake' to check CMake code style
[2.801s] -- Added test 'pep257' to check Python code against some of the docstring style conventions in PEP 257
[2.844s] -- Added test 'uncrustify' to check C / C++ code style
[2.844s] -- Configured uncrustify additional arguments: 
[2.850s] -- Added test 'xmllint' to check XML markup files
[2.852s] [31mCMake Error at CMakeLists.txt:74 (ament_python_package):
[2.852s]   Unknown CMake command "ament_python_package".
[2.853s] 
[2.853s] [0m
[2.853s] -- Configuring incomplete, errors occurred!
[2.854s] See also "/home/amir/Documents/R/robotics_ws/src/build/robot_description/CMakeFiles/CMakeOutput.log".
[2.876s] Invoked command in '/home/amir/Documents/R/robotics_ws/src/build/robot_description' returned '1': CMAKE_PREFIX_PATH=${CMAKE_PREFIX_PATH}:/opt/ros/humble /usr/bin/cmake /home/amir/Documents/R/robotics_ws/src/robotic_course/robot_description -DAMENT_CMAKE_SYMLINK_INSTALL=1 -DCMAKE_INSTALL_PREFIX=/home/amir/Documents/R/robotics_ws/src/install/robot_description
