[0.148s] DEBUG:colcon:Command line arguments: ['/usr/bin/colcon', 'build', '--symlink-install']
[0.148s] DEBUG:colcon:Parsed command line arguments: Namespace(log_base=None, log_level=None, verb_name='build', build_base='build', install_base='install', merge_install=False, symlink_install=True, test_result_base=None, continue_on_error=False, executor='parallel', parallel_workers=8, event_handlers=None, ignore_user_meta=False, metas=['./colcon.meta'], base_paths=['.'], packages_ignore=None, packages_ignore_regex=None, paths=None, packages_up_to=None, packages_up_to_regex=None, packages_above=None, packages_above_and_dependencies=None, packages_above_depth=None, packages_select_by_dep=None, packages_skip_by_dep=None, packages_skip_up_to=None, packages_select_build_failed=False, packages_skip_build_finished=False, packages_select_test_failures=False, packages_skip_test_passed=False, packages_select=None, packages_skip=None, packages_select_regex=None, packages_skip_regex=None, packages_start=None, packages_end=None, allow_overriding=[], cmake_args=None, cmake_target=None, cmake_target_skip_unavailable=False, cmake_clean_cache=False, cmake_clean_first=False, cmake_force_configure=False, ament_cmake_args=None, catkin_cmake_args=None, catkin_skip_building_tests=False, mixin_files=None, mixin=None, verb_parser=<colcon_mixin.mixin.mixin_argument.MixinArgumentDecorator object at 0x757553851db0>, verb_extension=<colcon_core.verb.build.BuildVerb object at 0x757553851720>, main=<bound method BuildVerb.main of <colcon_core.verb.build.BuildVerb object at 0x757553851720>>, mixin_verb=('build',))
[0.380s] Level 1:colcon.colcon_core.package_discovery:discover_packages(colcon_meta) check parameters
[0.380s] Level 1:colcon.colcon_core.package_discovery:discover_packages(recursive) check parameters
[0.380s] Level 1:colcon.colcon_core.package_discovery:discover_packages(ignore) check parameters
[0.381s] Level 1:colcon.colcon_core.package_discovery:discover_packages(path) check parameters
[0.381s] Level 1:colcon.colcon_core.package_discovery:discover_packages(colcon_meta) discover
[0.381s] Level 1:colcon.colcon_core.package_discovery:discover_packages(recursive) discover
[0.381s] INFO:colcon.colcon_core.package_discovery:Crawling recursively for packages in '/home/amir/Documents/R/robotics_ws/src'
[0.381s] Level 1:colcon.colcon_core.package_identification:_identify(.) by extensions ['ignore', 'ignore_ament_install']
[0.381s] Level 1:colcon.colcon_core.package_identification:_identify(.) by extension 'ignore'
[0.381s] Level 1:colcon.colcon_core.package_identification:_identify(.) by extension 'ignore_ament_install'
[0.381s] Level 1:colcon.colcon_core.package_identification:_identify(.) by extensions ['colcon_pkg']
[0.381s] Level 1:colcon.colcon_core.package_identification:_identify(.) by extension 'colcon_pkg'
[0.381s] Level 1:colcon.colcon_core.package_identification:_identify(.) by extensions ['colcon_meta']
[0.382s] Level 1:colcon.colcon_core.package_identification:_identify(.) by extension 'colcon_meta'
[0.382s] Level 1:colcon.colcon_core.package_identification:_identify(.) by extensions ['ros']
[0.382s] Level 1:colcon.colcon_core.package_identification:_identify(.) by extension 'ros'
[0.397s] Level 1:colcon.colcon_core.package_identification:_identify(.) by extensions ['cmake', 'python']
[0.397s] Level 1:colcon.colcon_core.package_identification:_identify(.) by extension 'cmake'
[0.397s] Level 1:colcon.colcon_core.package_identification:_identify(.) by extension 'python'
[0.397s] Level 1:colcon.colcon_core.package_identification:_identify(.) by extensions ['python_setup_py']
[0.397s] Level 1:colcon.colcon_core.package_identification:_identify(.) by extension 'python_setup_py'
[0.397s] Level 1:colcon.colcon_core.package_identification:_identify(build) by extensions ['ignore', 'ignore_ament_install']
[0.397s] Level 1:colcon.colcon_core.package_identification:_identify(build) by extension 'ignore'
[0.398s] Level 1:colcon.colcon_core.package_identification:_identify(build) ignored
[0.398s] Level 1:colcon.colcon_core.package_identification:_identify(install) by extensions ['ignore', 'ignore_ament_install']
[0.398s] Level 1:colcon.colcon_core.package_identification:_identify(install) by extension 'ignore'
[0.398s] Level 1:colcon.colcon_core.package_identification:_identify(install) ignored
[0.398s] Level 1:colcon.colcon_core.package_identification:_identify(log) by extensions ['ignore', 'ignore_ament_install']
[0.398s] Level 1:colcon.colcon_core.package_identification:_identify(log) by extension 'ignore'
[0.398s] Level 1:colcon.colcon_core.package_identification:_identify(log) ignored
[0.398s] Level 1:colcon.colcon_core.package_identification:_identify(robot_autonomy) by extensions ['ignore', 'ignore_ament_install']
[0.399s] Level 1:colcon.colcon_core.package_identification:_identify(robot_autonomy) by extension 'ignore'
[0.399s] Level 1:colcon.colcon_core.package_identification:_identify(robot_autonomy) by extension 'ignore_ament_install'
[0.399s] Level 1:colcon.colcon_core.package_identification:_identify(robot_autonomy) by extensions ['colcon_pkg']
[0.399s] Level 1:colcon.colcon_core.package_identification:_identify(robot_autonomy) by extension 'colcon_pkg'
[0.399s] Level 1:colcon.colcon_core.package_identification:_identify(robot_autonomy) by extensions ['colcon_meta']
[0.399s] Level 1:colcon.colcon_core.package_identification:_identify(robot_autonomy) by extension 'colcon_meta'
[0.399s] Level 1:colcon.colcon_core.package_identification:_identify(robot_autonomy) by extensions ['ros']
[0.399s] Level 1:colcon.colcon_core.package_identification:_identify(robot_autonomy) by extension 'ros'
[0.399s] Level 1:colcon.colcon_core.package_identification:_identify(robot_autonomy) by extensions ['cmake', 'python']
[0.399s] Level 1:colcon.colcon_core.package_identification:_identify(robot_autonomy) by extension 'cmake'
[0.399s] Level 1:colcon.colcon_core.package_identification:_identify(robot_autonomy) by extension 'python'
[0.399s] Level 1:colcon.colcon_core.package_identification:_identify(robot_autonomy) by extensions ['python_setup_py']
[0.399s] Level 1:colcon.colcon_core.package_identification:_identify(robot_autonomy) by extension 'python_setup_py'
[0.400s] Level 1:colcon.colcon_core.package_identification:_identify(robot_autonomy/robot_local_localization) by extensions ['ignore', 'ignore_ament_install']
[0.400s] Level 1:colcon.colcon_core.package_identification:_identify(robot_autonomy/robot_local_localization) by extension 'ignore'
[0.400s] Level 1:colcon.colcon_core.package_identification:_identify(robot_autonomy/robot_local_localization) by extension 'ignore_ament_install'
[0.400s] Level 1:colcon.colcon_core.package_identification:_identify(robot_autonomy/robot_local_localization) by extensions ['colcon_pkg']
[0.400s] Level 1:colcon.colcon_core.package_identification:_identify(robot_autonomy/robot_local_localization) by extension 'colcon_pkg'
[0.400s] Level 1:colcon.colcon_core.package_identification:_identify(robot_autonomy/robot_local_localization) by extensions ['colcon_meta']
[0.400s] Level 1:colcon.colcon_core.package_identification:_identify(robot_autonomy/robot_local_localization) by extension 'colcon_meta'
[0.400s] Level 1:colcon.colcon_core.package_identification:_identify(robot_autonomy/robot_local_localization) by extensions ['ros']
[0.400s] Level 1:colcon.colcon_core.package_identification:_identify(robot_autonomy/robot_local_localization) by extension 'ros'
[0.405s] DEBUG:colcon.colcon_core.package_identification:Package 'robot_autonomy/robot_local_localization' with type 'ros.ament_cmake' and name 'robot_local_localization'
[0.405s] Level 1:colcon.colcon_core.package_identification:_identify(robotic_course) by extensions ['ignore', 'ignore_ament_install']
[0.405s] Level 1:colcon.colcon_core.package_identification:_identify(robotic_course) by extension 'ignore'
[0.405s] Level 1:colcon.colcon_core.package_identification:_identify(robotic_course) by extension 'ignore_ament_install'
[0.405s] Level 1:colcon.colcon_core.package_identification:_identify(robotic_course) by extensions ['colcon_pkg']
[0.405s] Level 1:colcon.colcon_core.package_identification:_identify(robotic_course) by extension 'colcon_pkg'
[0.405s] Level 1:colcon.colcon_core.package_identification:_identify(robotic_course) by extensions ['colcon_meta']
[0.405s] Level 1:colcon.colcon_core.package_identification:_identify(robotic_course) by extension 'colcon_meta'
[0.405s] Level 1:colcon.colcon_core.package_identification:_identify(robotic_course) by extensions ['ros']
[0.405s] Level 1:colcon.colcon_core.package_identification:_identify(robotic_course) by extension 'ros'
[0.406s] Level 1:colcon.colcon_core.package_identification:_identify(robotic_course) by extensions ['cmake', 'python']
[0.406s] Level 1:colcon.colcon_core.package_identification:_identify(robotic_course) by extension 'cmake'
[0.406s] Level 1:colcon.colcon_core.package_identification:_identify(robotic_course) by extension 'python'
[0.406s] Level 1:colcon.colcon_core.package_identification:_identify(robotic_course) by extensions ['python_setup_py']
[0.406s] Level 1:colcon.colcon_core.package_identification:_identify(robotic_course) by extension 'python_setup_py'
[0.406s] Level 1:colcon.colcon_core.package_identification:_identify(robotic_course/build) by extensions ['ignore', 'ignore_ament_install']
[0.406s] Level 1:colcon.colcon_core.package_identification:_identify(robotic_course/build) by extension 'ignore'
[0.406s] Level 1:colcon.colcon_core.package_identification:_identify(robotic_course/build) ignored
[0.406s] Level 1:colcon.colcon_core.package_identification:_identify(robotic_course/install) by extensions ['ignore', 'ignore_ament_install']
[0.407s] Level 1:colcon.colcon_core.package_identification:_identify(robotic_course/install) by extension 'ignore'
[0.407s] Level 1:colcon.colcon_core.package_identification:_identify(robotic_course/install) ignored
[0.407s] Level 1:colcon.colcon_core.package_identification:_identify(robotic_course/log) by extensions ['ignore', 'ignore_ament_install']
[0.407s] Level 1:colcon.colcon_core.package_identification:_identify(robotic_course/log) by extension 'ignore'
[0.407s] Level 1:colcon.colcon_core.package_identification:_identify(robotic_course/log) ignored
[0.407s] Level 1:colcon.colcon_core.package_identification:_identify(robotic_course/robot_description) by extensions ['ignore', 'ignore_ament_install']
[0.407s] Level 1:colcon.colcon_core.package_identification:_identify(robotic_course/robot_description) by extension 'ignore'
[0.407s] Level 1:colcon.colcon_core.package_identification:_identify(robotic_course/robot_description) by extension 'ignore_ament_install'
[0.407s] Level 1:colcon.colcon_core.package_identification:_identify(robotic_course/robot_description) by extensions ['colcon_pkg']
[0.407s] Level 1:colcon.colcon_core.package_identification:_identify(robotic_course/robot_description) by extension 'colcon_pkg'
[0.407s] Level 1:colcon.colcon_core.package_identification:_identify(robotic_course/robot_description) by extensions ['colcon_meta']
[0.407s] Level 1:colcon.colcon_core.package_identification:_identify(robotic_course/robot_description) by extension 'colcon_meta'
[0.408s] Level 1:colcon.colcon_core.package_identification:_identify(robotic_course/robot_description) by extensions ['ros']
[0.408s] Level 1:colcon.colcon_core.package_identification:_identify(robotic_course/robot_description) by extension 'ros'
[0.409s] DEBUG:colcon.colcon_core.package_identification:Package 'robotic_course/robot_description' with type 'ros.ament_cmake' and name 'robot_description'
[0.409s] Level 1:colcon.colcon_core.package_discovery:discover_packages(recursive) using defaults
[0.409s] Level 1:colcon.colcon_core.package_discovery:discover_packages(ignore) discover
[0.409s] Level 1:colcon.colcon_core.package_discovery:discover_packages(ignore) using defaults
[0.409s] Level 1:colcon.colcon_core.package_discovery:discover_packages(path) discover
[0.409s] Level 1:colcon.colcon_core.package_discovery:discover_packages(path) using defaults
[0.455s] Level 1:colcon.colcon_core.package_discovery:discover_packages(prefix_path) check parameters
[0.455s] Level 1:colcon.colcon_core.package_discovery:discover_packages(prefix_path) discover
[0.465s] DEBUG:colcon.colcon_installed_package_information.package_discovery:Found 1 installed packages in /home/amir/Documents/R/robotics_ws/install
[0.466s] DEBUG:colcon.colcon_installed_package_information.package_discovery:Found 1 installed packages in /home/amir/Documents/R/robotics_ws/src/robotic_course/install
[0.467s] DEBUG:colcon.colcon_installed_package_information.package_discovery:Found 1 installed packages in /home/amir/Documents/R/robotics_ws/src/install
[0.469s] DEBUG:colcon.colcon_installed_package_information.package_discovery:Found 387 installed packages in /opt/ros/humble
[0.472s] Level 1:colcon.colcon_core.package_discovery:discover_packages(prefix_path) using defaults
[0.533s] Level 5:colcon.colcon_core.verb:set package 'robot_description' build argument 'cmake_args' from command line to 'None'
[0.534s] Level 5:colcon.colcon_core.verb:set package 'robot_description' build argument 'cmake_target' from command line to 'None'
[0.534s] Level 5:colcon.colcon_core.verb:set package 'robot_description' build argument 'cmake_target_skip_unavailable' from command line to 'False'
[0.534s] Level 5:colcon.colcon_core.verb:set package 'robot_description' build argument 'cmake_clean_cache' from command line to 'False'
[0.534s] Level 5:colcon.colcon_core.verb:set package 'robot_description' build argument 'cmake_clean_first' from command line to 'False'
[0.534s] Level 5:colcon.colcon_core.verb:set package 'robot_description' build argument 'cmake_force_configure' from command line to 'False'
[0.534s] Level 5:colcon.colcon_core.verb:set package 'robot_description' build argument 'ament_cmake_args' from command line to 'None'
[0.534s] Level 5:colcon.colcon_core.verb:set package 'robot_description' build argument 'catkin_cmake_args' from command line to 'None'
[0.534s] Level 5:colcon.colcon_core.verb:set package 'robot_description' build argument 'catkin_skip_building_tests' from command line to 'False'
[0.534s] DEBUG:colcon.colcon_core.verb:Building package 'robot_description' with the following arguments: {'ament_cmake_args': None, 'build_base': '/home/amir/Documents/R/robotics_ws/src/build/robot_description', 'catkin_cmake_args': None, 'catkin_skip_building_tests': False, 'cmake_args': None, 'cmake_clean_cache': False, 'cmake_clean_first': False, 'cmake_force_configure': False, 'cmake_target': None, 'cmake_target_skip_unavailable': False, 'install_base': '/home/amir/Documents/R/robotics_ws/src/install/robot_description', 'merge_install': False, 'path': '/home/amir/Documents/R/robotics_ws/src/robotic_course/robot_description', 'symlink_install': True, 'test_result_base': None}
[0.535s] Level 5:colcon.colcon_core.verb:set package 'robot_local_localization' build argument 'cmake_args' from command line to 'None'
[0.535s] Level 5:colcon.colcon_core.verb:set package 'robot_local_localization' build argument 'cmake_target' from command line to 'None'
[0.535s] Level 5:colcon.colcon_core.verb:set package 'robot_local_localization' build argument 'cmake_target_skip_unavailable' from command line to 'False'
[0.535s] Level 5:colcon.colcon_core.verb:set package 'robot_local_localization' build argument 'cmake_clean_cache' from command line to 'False'
[0.535s] Level 5:colcon.colcon_core.verb:set package 'robot_local_localization' build argument 'cmake_clean_first' from command line to 'False'
[0.535s] Level 5:colcon.colcon_core.verb:set package 'robot_local_localization' build argument 'cmake_force_configure' from command line to 'False'
[0.535s] Level 5:colcon.colcon_core.verb:set package 'robot_local_localization' build argument 'ament_cmake_args' from command line to 'None'
[0.535s] Level 5:colcon.colcon_core.verb:set package 'robot_local_localization' build argument 'catkin_cmake_args' from command line to 'None'
[0.535s] Level 5:colcon.colcon_core.verb:set package 'robot_local_localization' build argument 'catkin_skip_building_tests' from command line to 'False'
[0.535s] DEBUG:colcon.colcon_core.verb:Building package 'robot_local_localization' with the following arguments: {'ament_cmake_args': None, 'build_base': '/home/amir/Documents/R/robotics_ws/src/build/robot_local_localization', 'catkin_cmake_args': None, 'catkin_skip_building_tests': False, 'cmake_args': None, 'cmake_clean_cache': False, 'cmake_clean_first': False, 'cmake_force_configure': False, 'cmake_target': None, 'cmake_target_skip_unavailable': False, 'install_base': '/home/amir/Documents/R/robotics_ws/src/install/robot_local_localization', 'merge_install': False, 'path': '/home/amir/Documents/R/robotics_ws/src/robot_autonomy/robot_local_localization', 'symlink_install': True, 'test_result_base': None}
[0.536s] INFO:colcon.colcon_core.executor:Executing jobs using 'parallel' executor
[0.538s] DEBUG:colcon.colcon_parallel_executor.executor.parallel:run_until_complete
[0.539s] INFO:colcon.colcon_ros.task.ament_cmake.build:Building ROS package in '/home/amir/Documents/R/robotics_ws/src/robotic_course/robot_description' with build type 'ament_cmake'
[0.539s] INFO:colcon.colcon_cmake.task.cmake.build:Building CMake package in '/home/amir/Documents/R/robotics_ws/src/robotic_course/robot_description'
[0.542s] INFO:colcon.colcon_core.plugin_system:Skipping extension 'colcon_core.shell.bat': Not used on non-Windows systems
[0.542s] INFO:colcon.colcon_core.shell:Skip shell extension 'powershell' for command environment: Not usable outside of PowerShell
[0.542s] DEBUG:colcon.colcon_core.shell:Skip shell extension 'dsv' for command environment
[0.549s] INFO:colcon.colcon_ros.task.ament_cmake.build:Building ROS package in '/home/amir/Documents/R/robotics_ws/src/robot_autonomy/robot_local_localization' with build type 'ament_cmake'
[0.550s] INFO:colcon.colcon_cmake.task.cmake.build:Building CMake package in '/home/amir/Documents/R/robotics_ws/src/robot_autonomy/robot_local_localization'
[0.550s] INFO:colcon.colcon_core.shell:Skip shell extension 'powershell' for command environment: Not usable outside of PowerShell
[0.551s] DEBUG:colcon.colcon_core.shell:Skip shell extension 'dsv' for command environment
[0.578s] DEBUG:colcon.colcon_core.event_handler.log_command:Invoking command in '/home/amir/Documents/R/robotics_ws/src/build/robot_description': CMAKE_PREFIX_PATH=${CMAKE_PREFIX_PATH}:/opt/ros/humble /usr/bin/cmake --build /home/amir/Documents/R/robotics_ws/src/build/robot_description -- -j8 -l8
[0.587s] DEBUG:colcon.colcon_core.event_handler.log_command:Invoking command in '/home/amir/Documents/R/robotics_ws/src/build/robot_local_localization': CMAKE_PREFIX_PATH=${CMAKE_PREFIX_PATH}:/opt/ros/humble /usr/bin/cmake /home/amir/Documents/R/robotics_ws/src/robot_autonomy/robot_local_localization -DAMENT_CMAKE_SYMLINK_INSTALL=1 -DCMAKE_INSTALL_PREFIX=/home/amir/Documents/R/robotics_ws/src/install/robot_local_localization
[1.035s] DEBUG:colcon.colcon_core.event_handler.log_command:Invoked command in '/home/amir/Documents/R/robotics_ws/src/build/robot_description' returned '2': CMAKE_PREFIX_PATH=${CMAKE_PREFIX_PATH}:/opt/ros/humble /usr/bin/cmake --build /home/amir/Documents/R/robotics_ws/src/build/robot_description -- -j8 -l8
[1.036s] Level 1:colcon.colcon_core.environment:create_environment_scripts_only(robot_description)
[1.042s] Level 1:colcon.colcon_core.environment:checking '/home/amir/Documents/R/robotics_ws/src/install/robot_description' for CMake module files
[1.042s] Level 1:colcon.colcon_core.environment:checking '/home/amir/Documents/R/robotics_ws/src/install/robot_description' for CMake config files
[1.043s] Level 1:colcon.colcon_core.environment:checking '/home/amir/Documents/R/robotics_ws/src/install/robot_description/bin'
[1.043s] Level 1:colcon.colcon_core.environment:checking '/home/amir/Documents/R/robotics_ws/src/install/robot_description/lib/pkgconfig/robot_description.pc'
[1.044s] Level 1:colcon.colcon_core.environment:checking '/home/amir/Documents/R/robotics_ws/src/install/robot_description/lib/python3.10/site-packages'
[1.045s] Level 1:colcon.colcon_core.environment:checking '/home/amir/Documents/R/robotics_ws/src/install/robot_description/bin'
[1.046s] INFO:colcon.colcon_core.shell:Creating package script '/home/amir/Documents/R/robotics_ws/src/install/robot_description/share/robot_description/package.ps1'
[1.048s] INFO:colcon.colcon_core.shell:Creating package descriptor '/home/amir/Documents/R/robotics_ws/src/install/robot_description/share/robot_description/package.dsv'
[1.049s] INFO:colcon.colcon_core.shell:Creating package script '/home/amir/Documents/R/robotics_ws/src/install/robot_description/share/robot_description/package.sh'
[1.051s] INFO:colcon.colcon_core.shell:Creating package script '/home/amir/Documents/R/robotics_ws/src/install/robot_description/share/robot_description/package.bash'
[1.052s] INFO:colcon.colcon_core.shell:Creating package script '/home/amir/Documents/R/robotics_ws/src/install/robot_description/share/robot_description/package.zsh'
[1.054s] Level 1:colcon.colcon_core.environment:create_file_with_runtime_dependencies(/home/amir/Documents/R/robotics_ws/src/install/robot_description/share/colcon-core/packages/robot_description)
[1.787s] DEBUG:colcon.colcon_parallel_executor.executor.parallel:closing loop
[1.789s] DEBUG:colcon.colcon_parallel_executor.executor.parallel:loop closed
[1.789s] DEBUG:colcon.colcon_parallel_executor.executor.parallel:run_until_complete finished with '2'
[1.789s] DEBUG:colcon.colcon_core.event_reactor:joining thread
[1.801s] INFO:colcon.colcon_core.plugin_system:Skipping extension 'colcon_notification.desktop_notification.terminal_notifier': Not used on non-Darwin systems
[1.801s] INFO:colcon.colcon_core.plugin_system:Skipping extension 'colcon_notification.desktop_notification.win32': Not used on non-Windows systems
[1.801s] INFO:colcon.colcon_notification.desktop_notification:Sending desktop notification using 'notify2'
[1.831s] DEBUG:colcon.colcon_core.event_reactor:joined thread
[1.832s] INFO:colcon.colcon_core.shell:Creating prefix script '/home/amir/Documents/R/robotics_ws/src/install/local_setup.ps1'
[1.836s] INFO:colcon.colcon_core.shell:Creating prefix util module '/home/amir/Documents/R/robotics_ws/src/install/_local_setup_util_ps1.py'
[1.841s] INFO:colcon.colcon_core.shell:Creating prefix chain script '/home/amir/Documents/R/robotics_ws/src/install/setup.ps1'
[1.846s] INFO:colcon.colcon_core.shell:Creating prefix script '/home/amir/Documents/R/robotics_ws/src/install/local_setup.sh'
[1.848s] INFO:colcon.colcon_core.shell:Creating prefix util module '/home/amir/Documents/R/robotics_ws/src/install/_local_setup_util_sh.py'
[1.849s] INFO:colcon.colcon_core.shell:Creating prefix chain script '/home/amir/Documents/R/robotics_ws/src/install/setup.sh'
[1.852s] INFO:colcon.colcon_core.shell:Creating prefix script '/home/amir/Documents/R/robotics_ws/src/install/local_setup.bash'
[1.854s] INFO:colcon.colcon_core.shell:Creating prefix chain script '/home/amir/Documents/R/robotics_ws/src/install/setup.bash'
[1.856s] INFO:colcon.colcon_core.shell:Creating prefix script '/home/amir/Documents/R/robotics_ws/src/install/local_setup.zsh'
[1.857s] INFO:colcon.colcon_core.shell:Creating prefix chain script '/home/amir/Documents/R/robotics_ws/src/install/setup.zsh'
