[0.016s] Invoking command in '/home/amir/Documents/R/robotics_ws/build/robot_description': CMAKE_PREFIX_PATH=${CMAKE_PREFIX_PATH}:/opt/ros/humble /usr/bin/cmake /home/amir/Documents/R/robotics_ws/src/robotic_course/robot_description -DCMAKE_INSTALL_PREFIX=/home/amir/Documents/R/robotics_ws/install/robot_description
[0.024s] -- Found ament_cmake: 1.3.12 (/opt/ros/humble/share/ament_cmake/cmake)
[0.105s] -- Override CMake install command with custom implementation using symlinks instead of copying resources
[0.111s] -- Found rclcpp: 16.0.15 (/opt/ros/humble/share/rclcpp/cmake)
[0.130s] -- Found rosidl_generator_c: 3.1.7 (/opt/ros/humble/share/rosidl_generator_c/cmake)
[0.132s] -- Found rosidl_adapter: 3.1.7 (/opt/ros/humble/share/rosidl_adapter/cmake)
[0.135s] -- Found rosidl_generator_cpp: 3.1.7 (/opt/ros/humble/share/rosidl_generator_cpp/cmake)
[0.142s] -- Using all available rosidl_typesupport_c: rosidl_typesupport_fastrtps_c;rosidl_typesupport_introspection_c
[0.149s] -- Using all available rosidl_typesupport_cpp: rosidl_typesupport_fastrtps_cpp;rosidl_typesupport_introspection_cpp
[0.169s] -- Found rmw_implementation_cmake: 6.1.2 (/opt/ros/humble/share/rmw_implementation_cmake/cmake)
[0.170s] -- Found rmw_fastrtps_cpp: 6.2.8 (/opt/ros/humble/share/rmw_fastrtps_cpp/cmake)
[0.239s] -- Using RMW implementation 'rmw_fastrtps_cpp' as default
[0.270s] -- Found sensor_msgs: 4.9.0 (/opt/ros/humble/share/sensor_msgs/cmake)
[0.288s] -- Found nav_msgs: 4.9.0 (/opt/ros/humble/share/nav_msgs/cmake)
[0.299s] -- Found std_srvs: 4.9.0 (/opt/ros/humble/share/std_srvs/cmake)
[0.304s] -- Found tf2: 0.25.16 (/opt/ros/humble/share/tf2/cmake)
[0.307s] -- Found tf2_ros: 0.25.16 (/opt/ros/humble/share/tf2_ros/cmake)
[0.362s] -- Found ament_lint_auto: 0.12.14 (/opt/ros/humble/share/ament_lint_auto/cmake)
[0.411s] -- Added test 'cppcheck' to perform static code analysis on C / C++ code
[0.411s] -- Configured cppcheck include dirs: 
[0.411s] -- Configured cppcheck exclude dirs and/or files: 
[0.411s] -- Added test 'flake8' to check Python code syntax and style conventions
[0.411s] -- Added test 'lint_cmake' to check CMake code style
[0.412s] -- Added test 'pep257' to check Python code against some of the docstring style conventions in PEP 257
[0.413s] -- Added test 'uncrustify' to check C / C++ code style
[0.413s] -- Configured uncrustify additional arguments: 
[0.413s] -- Added test 'xmllint' to check XML markup files
[0.414s] -- Configuring done
[0.426s] -- Generating done
[0.431s] -- Build files have been written to: /home/amir/Documents/R/robotics_ws/build/robot_description
[0.437s] Invoked command in '/home/amir/Documents/R/robotics_ws/build/robot_description' returned '0': CMAKE_PREFIX_PATH=${CMAKE_PREFIX_PATH}:/opt/ros/humble /usr/bin/cmake /home/amir/Documents/R/robotics_ws/src/robotic_course/robot_description -DCMAKE_INSTALL_PREFIX=/home/amir/Documents/R/robotics_ws/install/robot_description
[0.439s] Invoking command in '/home/amir/Documents/R/robotics_ws/build/robot_description': CMAKE_PREFIX_PATH=${CMAKE_PREFIX_PATH}:/opt/ros/humble /usr/bin/cmake --build /home/amir/Documents/R/robotics_ws/build/robot_description -- -j8 -l8
[0.467s] [35m[1mConsolidate compiler generated dependencies of target motor_command_node[0m
[0.468s] [35m[1mConsolidate compiler generated dependencies of target ekf_diff_imu_node[0m
[0.468s] [35m[1mConsolidate compiler generated dependencies of target frame_id_converter_node[0m
[0.480s] [ 66%] Built target frame_id_converter_node
[0.480s] [ 66%] Built target motor_command_node
[0.481s] [100%] Built target ekf_diff_imu_node
[0.489s] Invoked command in '/home/amir/Documents/R/robotics_ws/build/robot_description' returned '0': CMAKE_PREFIX_PATH=${CMAKE_PREFIX_PATH}:/opt/ros/humble /usr/bin/cmake --build /home/amir/Documents/R/robotics_ws/build/robot_description -- -j8 -l8
[0.495s] Invoking command in '/home/amir/Documents/R/robotics_ws/build/robot_description': CMAKE_PREFIX_PATH=${CMAKE_PREFIX_PATH}:/opt/ros/humble /usr/bin/cmake --install /home/amir/Documents/R/robotics_ws/build/robot_description
[0.500s] -- Install configuration: ""
[0.501s] -- Execute custom install script
[0.501s] -- Up-to-date symlink: /home/amir/Documents/R/robotics_ws/install/robot_description/share/robot_description/src/description/robot.urdf
[0.501s] -- Up-to-date symlink: /home/amir/Documents/R/robotics_ws/install/robot_description/share/robot_description/src/meshes/Front_Left_Caster_Wheel_Main.STL
[0.501s] -- Up-to-date symlink: /home/amir/Documents/R/robotics_ws/install/robot_description/share/robot_description/src/meshes/Front_Right_Caster_Wheel_Main.STL
[0.501s] -- Up-to-date symlink: /home/amir/Documents/R/robotics_ws/install/robot_description/share/robot_description/src/meshes/Rear_Left_Caster_Wheel_Main.STL
[0.501s] -- Up-to-date symlink: /home/amir/Documents/R/robotics_ws/install/robot_description/share/robot_description/src/meshes/Rear_Right_Caster_Wheel_Main.STL
[0.501s] -- Up-to-date symlink: /home/amir/Documents/R/robotics_ws/install/robot_description/share/robot_description/src/meshes/Rear_Trailing.STL
[0.501s] -- Up-to-date symlink: /home/amir/Documents/R/robotics_ws/install/robot_description/share/robot_description/src/meshes/chasis.STL
[0.501s] -- Up-to-date symlink: /home/amir/Documents/R/robotics_ws/install/robot_description/share/robot_description/src/meshes/wheel.STL
[0.501s] -- Up-to-date symlink: /home/amir/Documents/R/robotics_ws/install/robot_description/share/robot_description/src/meshes/wheel.usd
[0.501s] -- Up-to-date symlink: /home/amir/Documents/R/robotics_ws/install/robot_description/share/robot_description/src/meshes/zed.STL
[0.502s] -- Up-to-date symlink: /home/amir/Documents/R/robotics_ws/install/robot_description/share/robot_description/launch/display.launch.py
[0.502s] -- Up-to-date symlink: /home/amir/Documents/R/robotics_ws/install/robot_description/share/robot_description/launch/gazebo.launch.py
[0.502s] -- Up-to-date symlink: /home/amir/Documents/R/robotics_ws/install/robot_description/share/robot_description/rviz/config.rviz
[0.502s] -- Up-to-date symlink: /home/amir/Documents/R/robotics_ws/install/robot_description/share/robot_description/config/gz_bridge.yaml
[0.502s] -- Up-to-date symlink: /home/amir/Documents/R/robotics_ws/install/robot_description/share/robot_description/config/rtabmap_slam.yaml
[0.502s] -- Up-to-date symlink: /home/amir/Documents/R/robotics_ws/install/robot_description/share/robot_description/world/depot.sdf
[0.502s] -- Up-to-date symlink: /home/amir/Documents/R/robotics_ws/install/robot_description/share/robot_description/world/test.sdf
[0.502s] -- Up-to-date symlink: /home/amir/Documents/R/robotics_ws/install/robot_description/share/robot_description/scripts/ekf_diff_imu.cpp
[0.502s] -- Up-to-date symlink: /home/amir/Documents/R/robotics_ws/install/robot_description/share/robot_description/scripts/frame_id_converter.cpp
[0.503s] -- Up-to-date symlink: /home/amir/Documents/R/robotics_ws/install/robot_description/share/robot_description/scripts/motor_command.cpp
[0.503s] -- Up-to-date symlink: /home/amir/Documents/R/robotics_ws/install/robot_description/lib/robot_description/frame_id_converter_node
[0.503s] -- Up-to-date symlink: /home/amir/Documents/R/robotics_ws/install/robot_description/lib/robot_description/ekf_diff_imu_node
[0.503s] -- Up-to-date symlink: /home/amir/Documents/R/robotics_ws/install/robot_description/lib/robot_description/motor_command_node
[0.503s] -- Up-to-date symlink: /home/amir/Documents/R/robotics_ws/install/robot_description/share/ament_index/resource_index/package_run_dependencies/robot_description
[0.503s] -- Up-to-date symlink: /home/amir/Documents/R/robotics_ws/install/robot_description/share/ament_index/resource_index/parent_prefix_path/robot_description
[0.503s] -- Up-to-date symlink: /home/amir/Documents/R/robotics_ws/install/robot_description/share/robot_description/environment/ament_prefix_path.sh
[0.503s] -- Up-to-date symlink: /home/amir/Documents/R/robotics_ws/install/robot_description/share/robot_description/environment/ament_prefix_path.dsv
[0.503s] -- Up-to-date symlink: /home/amir/Documents/R/robotics_ws/install/robot_description/share/robot_description/environment/path.sh
[0.503s] -- Up-to-date symlink: /home/amir/Documents/R/robotics_ws/install/robot_description/share/robot_description/environment/path.dsv
[0.504s] -- Up-to-date symlink: /home/amir/Documents/R/robotics_ws/install/robot_description/share/robot_description/local_setup.bash
[0.504s] -- Up-to-date symlink: /home/amir/Documents/R/robotics_ws/install/robot_description/share/robot_description/local_setup.sh
[0.504s] -- Up-to-date symlink: /home/amir/Documents/R/robotics_ws/install/robot_description/share/robot_description/local_setup.zsh
[0.504s] -- Up-to-date symlink: /home/amir/Documents/R/robotics_ws/install/robot_description/share/robot_description/local_setup.dsv
[0.504s] -- Symlinking: /home/amir/Documents/R/robotics_ws/install/robot_description/share/robot_description/package.dsv
[0.510s] -- Up-to-date symlink: /home/amir/Documents/R/robotics_ws/install/robot_description/share/ament_index/resource_index/packages/robot_description
[0.510s] -- Up-to-date symlink: /home/amir/Documents/R/robotics_ws/install/robot_description/share/robot_description/cmake/robot_descriptionConfig.cmake
[0.510s] -- Up-to-date symlink: /home/amir/Documents/R/robotics_ws/install/robot_description/share/robot_description/cmake/robot_descriptionConfig-version.cmake
[0.510s] -- Up-to-date symlink: /home/amir/Documents/R/robotics_ws/install/robot_description/share/robot_description/package.xml
[0.512s] Invoked command in '/home/amir/Documents/R/robotics_ws/build/robot_description' returned '0': CMAKE_PREFIX_PATH=${CMAKE_PREFIX_PATH}:/opt/ros/humble /usr/bin/cmake --install /home/amir/Documents/R/robotics_ws/build/robot_description
