[0.039s] Invoking command in '/home/amir/Documents/R/robotics_ws/src/build/robot_description': CMAKE_PREFIX_PATH=${CMAKE_PREFIX_PATH}:/opt/ros/humble /usr/bin/cmake --build /home/amir/Documents/R/robotics_ws/src/build/robot_description -- -j8 -l8
[0.094s] -- Found ament_cmake: 1.3.12 (/opt/ros/humble/share/ament_cmake/cmake)
[0.449s] -- Override CMake install command with custom implementation using symlinks instead of copying resources
[0.485s] [31mCMake Error at CMakeLists.txt:10 (find_package):
[0.486s]   By not providing "Findament_python.cmake" in CMAKE_MODULE_PATH this project
[0.486s]   has asked CMake to find a package configuration file provided by
[0.486s]   "ament_python", but CMake did not find one.
[0.486s] 
[0.487s]   Could not find a package configuration file provided by "ament_python" with
[0.487s]   any of the following names:
[0.487s] 
[0.488s]     ament_pythonConfig.cmake
[0.488s]     ament_python-config.cmake
[0.488s] 
[0.488s]   Add the installation prefix of "ament_python" to CMAKE_PREFIX_PATH or set
[0.489s]   "ament_python_DIR" to a directory containing one of the above files.  If
[0.489s]   "ament_python" provides a separate development package or SDK, be sure it
[0.489s]   has been installed.
[0.489s] 
[0.490s] [0m
[0.490s] -- Configuring incomplete, errors occurred!
[0.490s] See also "/home/amir/Documents/R/robotics_ws/src/build/robot_description/CMakeFiles/CMakeOutput.log".
[0.491s] gmake: *** [Makefile:390: cmake_check_build_system] Error 1
[0.495s] Invoked command in '/home/amir/Documents/R/robotics_ws/src/build/robot_description' returned '2': CMAKE_PREFIX_PATH=${CMAKE_PREFIX_PATH}:/opt/ros/humble /usr/bin/cmake --build /home/amir/Documents/R/robotics_ws/src/build/robot_description -- -j8 -l8
